<?xml version="1.0" encoding="UTF-8" standalone="yes"?><!DOCTYPE report PUBLIC "-//JACOCO//DTD Report 1.1//EN" "report.dtd"><report name="ACE library"><sessioninfo id="fv-az82-221-ad3f0a7" start="1657534576013" dump="1657534579761"/><sessioninfo id="fv-az82-221-288d7a0c" start="1657534580256" dump="1657534582282"/><sessioninfo id="fv-az82-221-b70a186c" start="1657534582791" dump="1657534584825"/><sessioninfo id="fv-az82-221-45c926bc" start="1657534585316" dump="1657534587721"/><sessioninfo id="fv-az82-221-e4ef0829" start="1657534588212" dump="1657534589876"/><sessioninfo id="fv-az82-221-20e3268f" start="1657534590361" dump="1657534593292"/><sessioninfo id="fv-az82-221-a064ce65" start="1657534593793" dump="1657534597383"/><sessioninfo id="fv-az82-221-cf4d7e69" start="1657534597889" dump="1657534599927"/><sessioninfo id="fv-az82-221-d770b1fc" start="1657534600431" dump="1657534604479"/><sessioninfo id="fv-az82-221-2dc7f161" start="1657534604965" dump="1657534606495"/><sessioninfo id="fv-az82-221-c141c441" start="1657534606980" dump="1657534608800"/><sessioninfo id="fv-az82-221-65b0fc4b" start="1657534609278" dump="1657534611904"/><sessioninfo id="fv-az82-221-b7005da7" start="1657534612388" dump="1657534678855"/><sessioninfo id="fv-az82-221-1faf918d" start="1657534679356" dump="1657534680039"/><sessioninfo id="fv-az82-221-a4c2e54f" start="1657534680523" dump="1657534681256"/><sessioninfo id="fv-az82-221-53abd67e" start="1657534681731" dump="1657534683387"/><sessioninfo id="fv-az82-221-48fe9b46" start="1657534683892" dump="1657534685391"/><sessioninfo id="fv-az82-221-e247bf2" start="1657534685850" dump="1657534688305"/><sessioninfo id="fv-az82-221-bd85cd81" start="1657534688813" dump="1657534691575"/><sessioninfo id="fv-az82-221-5220599f" start="1657534692066" dump="1657534693659"/><sessioninfo id="fv-az82-221-c301e941" start="1657534694135" dump="1657534697529"/><sessioninfo id="fv-az82-221-75213fd8" start="1657534698032" dump="1657534699881"/><sessioninfo id="fv-az82-221-1589400e" start="1657534700383" dump="1657534701889"/><sessioninfo id="fv-az82-221-b1e51" start="1657534702373" dump="1657534705607"/><sessioninfo id="fv-az82-221-b121e12" start="1657534706115" dump="1657534770639"/><sessioninfo id="fv-az82-221-82f61e11" start="1657534771135" dump="1657534774101"/><sessioninfo id="fv-az82-221-c9695c5a" start="1657534774608" dump="1657534776441"/><sessioninfo id="fv-az82-221-54e6b41a" start="1657534776931" dump="1657534779704"/><sessioninfo id="fv-az82-221-475bde2b" start="1657534780200" dump="1657534783049"/><sessioninfo id="fv-az82-221-32eeeff9" start="1657534783550" dump="1657534784675"/><package name="se/sics/ace/coap/as"><class name="se/sics/ace/coap/as/DtlsAS" sourcefilename="DtlsAS.java"><method name="&lt;init&gt;" desc="(Ljava/lang/String;Lse/sics/ace/coap/as/CoapDBConnector;Lse/sics/ace/as/PDP;Lse/sics/ace/TimeProvider;Lorg/eclipse/californium/cose/OneKey;I)V" line="116"><counter type="INSTRUCTION" missed="13" covered="0"/><counter type="LINE" missed="2" covered="0"/><counter type="COMPLEXITY" missed="1" covered="0"/><counter type="METHOD" missed="1" covered="0"/></method><method name="&lt;init&gt;" desc="(Ljava/lang/String;Lse/sics/ace/coap/as/CoapDBConnector;Lse/sics/ace/as/PDP;Lse/sics/ace/TimeProvider;Lorg/eclipse/californium/cose/OneKey;)V" line="136"><counter type="INSTRUCTION" missed="0" covered="13"/><counter type="LINE" missed="0" covered="2"/><counter type="COMPLEXITY" missed="0" covered="1"/><counter type="METHOD" missed="0" covered="1"/></method><method name="&lt;init&gt;" desc="(Ljava/lang/String;Lse/sics/ace/coap/as/CoapDBConnector;Lse/sics/ace/as/PDP;Lse/sics/ace/TimeProvider;Lorg/eclipse/californium/cose/OneKey;Ljava/lang/String;Ljava/lang/String;ILjava/util/Set;Z)V" line="87"><counter type="INSTRUCTION" missed="20" covered="179"/><counter type="BRANCH" missed="5" covered="5"/><counter type="LINE" missed="3" covered="34"/><counter type="COMPLEXITY" missed="5" covered="1"/><counter type="METHOD" missed="0" covered="1"/></method><method name="close" desc="()V" line="223"><counter type="INSTRUCTION" missed="10" covered="0"/><counter type="LINE" missed="4" covered="0"/><counter type="COMPLEXITY" missed="1" covered="0"/><counter type="METHOD" missed="1" covered="0"/></method><method name="&lt;clinit&gt;" desc="()V" line="81"><counter type="INSTRUCTION" missed="0" covered="5"/><counter type="LINE" missed="0" covered="2"/><counter type="COMPLEXITY" missed="0" covered="1"/><counter type="METHOD" missed="0" covered="1"/></method><counter type="INSTRUCTION" missed="43" covered="197"/><counter type="BRANCH" missed="5" covered="5"/><counter type="LINE" missed="9" covered="38"/><counter type="COMPLEXITY" missed="7" covered="3"/><counter type="METHOD" missed="2" covered="3"/><counter type="CLASS" missed="0" covered="1"/></class><class name="se/sics/ace/coap/as/OscoreAceEndpoint" sourcefilename="OscoreAceEndpoint.java"><method name="&lt;init&gt;" desc="(Ljava/lang/String;Lse/sics/ace/Endpoint;)V" line="76"><counter type="INSTRUCTION" missed="0" covered="8"/><counter type="LINE" missed="0" covered="3"/><counter type="COMPLEXITY" missed="0" covered="1"/><counter type="METHOD" missed="0" covered="1"/></method><method name="&lt;init&gt;" desc="(Lse/sics/ace/as/Introspect;)V" line="86"><counter type="INSTRUCTION" missed="8" covered="0"/><counter type="LINE" missed="3" covered="0"/><counter type="COMPLEXITY" missed="1" covered="0"/><counter type="METHOD" missed="1" covered="0"/></method><method name="&lt;init&gt;" desc="(Lse/sics/ace/as/Token;)V" line="96"><counter type="INSTRUCTION" missed="8" covered="0"/><counter type="LINE" missed="3" covered="0"/><counter type="COMPLEXITY" missed="1" covered="0"/><counter type="METHOD" missed="1" covered="0"/></method><method name="handlePOST" desc="(Lorg/eclipse/californium/core/server/resources/CoapExchange;)V" line="107"><counter type="INSTRUCTION" missed="30" covered="53"/><counter type="BRANCH" missed="4" covered="2"/><counter type="LINE" missed="8" covered="11"/><counter type="COMPLEXITY" missed="3" covered="1"/><counter type="METHOD" missed="0" covered="1"/></method><method name="close" desc="()V" line="136"><counter type="INSTRUCTION" missed="4" covered="0"/><counter type="LINE" missed="2" covered="0"/><counter type="COMPLEXITY" missed="1" covered="0"/><counter type="METHOD" missed="1" covered="0"/></method><method name="&lt;clinit&gt;" desc="()V" line="62"><counter type="INSTRUCTION" missed="0" covered="5"/><counter type="LINE" missed="0" covered="1"/><counter type="COMPLEXITY" missed="0" covered="1"/><counter type="METHOD" missed="0" covered="1"/></method><counter type="INSTRUCTION" missed="50" covered="66"/><counter type="BRANCH" missed="4" covered="2"/><counter type="LINE" missed="16" covered="15"/><counter type="COMPLEXITY" missed="6" covered="3"/><counter type="METHOD" missed="3" covered="3"/><counter type="CLASS" missed="0" covered="1"/></class><class name="se/sics/ace/coap/as/OscoreAS$IdPair" sourcefilename="OscoreAS.java"><method name="&lt;init&gt;" desc="(Ljava/lang/String;)V" line="268"><counter type="INSTRUCTION" missed="8" covered="26"/><counter type="BRANCH" missed="1" covered="1"/><counter type="LINE" missed="1" covered="8"/><counter type="COMPLEXITY" missed="1" covered="1"/><counter type="METHOD" missed="0" covered="1"/></method><method name="getSenderId" desc="()[B" line="285"><counter type="INSTRUCTION" missed="0" covered="3"/><counter type="LINE" missed="0" covered="1"/><counter type="COMPLEXITY" missed="0" covered="1"/><counter type="METHOD" missed="0" covered="1"/></method><method name="getContextId" desc="()[B" line="289"><counter type="INSTRUCTION" missed="0" covered="3"/><counter type="LINE" missed="0" covered="1"/><counter type="COMPLEXITY" missed="0" covered="1"/><counter type="METHOD" missed="0" covered="1"/></method><counter type="INSTRUCTION" missed="8" covered="32"/><counter type="BRANCH" missed="1" covered="1"/><counter type="LINE" missed="1" covered="10"/><counter type="COMPLEXITY" missed="1" covered="3"/><counter type="METHOD" missed="0" covered="3"/><counter type="CLASS" missed="0" covered="1"/></class><class name="se/sics/ace/coap/as/CoapDtlsEndpoint" sourcefilename="CoapDtlsEndpoint.java"><method name="&lt;init&gt;" desc="(Ljava/lang/String;Lse/sics/ace/Endpoint;)V" line="76"><counter type="INSTRUCTION" missed="0" covered="7"/><counter type="LINE" missed="0" covered="3"/><counter type="COMPLEXITY" missed="0" covered="1"/><counter type="METHOD" missed="0" covered="1"/></method><method name="&lt;init&gt;" desc="(Lse/sics/ace/as/Introspect;)V" line="86"><counter type="INSTRUCTION" missed="7" covered="0"/><counter type="LINE" missed="3" covered="0"/><counter type="COMPLEXITY" missed="1" covered="0"/><counter type="METHOD" missed="1" covered="0"/></method><method name="&lt;init&gt;" desc="(Lse/sics/ace/as/Token;)V" line="96"><counter type="INSTRUCTION" missed="7" covered="0"/><counter type="LINE" missed="3" covered="0"/><counter type="COMPLEXITY" missed="1" covered="0"/><counter type="METHOD" missed="1" covered="0"/></method><method name="handlePOST" desc="(Lorg/eclipse/californium/core/server/resources/CoapExchange;)V" line="107"><counter type="INSTRUCTION" missed="30" covered="53"/><counter type="BRANCH" missed="4" covered="2"/><counter type="LINE" missed="8" covered="11"/><counter type="COMPLEXITY" missed="3" covered="1"/><counter type="METHOD" missed="0" covered="1"/></method><method name="close" desc="()V" line="136"><counter type="INSTRUCTION" missed="4" covered="0"/><counter type="LINE" missed="2" covered="0"/><counter type="COMPLEXITY" missed="1" covered="0"/><counter type="METHOD" missed="1" covered="0"/></method><method name="&lt;clinit&gt;" desc="()V" line="62"><counter type="INSTRUCTION" missed="0" covered="5"/><counter type="LINE" missed="0" covered="1"/><counter type="COMPLEXITY" missed="0" covered="1"/><counter type="METHOD" missed="0" covered="1"/></method><counter type="INSTRUCTION" missed="48" covered="65"/><counter type="BRANCH" missed="4" covered="2"/><counter type="LINE" missed="16" covered="15"/><counter type="COMPLEXITY" missed="6" covered="3"/><counter type="METHOD" missed="3" covered="3"/><counter type="CLASS" missed="0" covered="1"/></class><class name="se/sics/ace/coap/as/OscoreAS" sourcefilename="OscoreAS.java"><method name="&lt;init&gt;" desc="(Ljava/lang/String;Lse/sics/ace/coap/as/CoapDBConnector;Lse/sics/ace/as/PDP;Lse/sics/ace/TimeProvider;Lorg/eclipse/californium/cose/OneKey;ILjava/util/Map;Ljava/util/Map;Ljava/util/Map;)V" line="119"><counter type="INSTRUCTION" missed="18" covered="0"/><counter type="LINE" missed="2" covered="0"/><counter type="COMPLEXITY" missed="1" covered="0"/><counter type="METHOD" missed="1" covered="0"/></method><method name="&lt;init&gt;" desc="(Ljava/lang/String;Lse/sics/ace/coap/as/CoapDBConnector;Lse/sics/ace/as/PDP;Lse/sics/ace/TimeProvider;Lorg/eclipse/californium/cose/OneKey;Ljava/util/Map;Ljava/util/Map;Ljava/util/Map;)V" line="142"><counter type="INSTRUCTION" missed="18" covered="0"/><counter type="LINE" missed="2" covered="0"/><counter type="COMPLEXITY" missed="1" covered="0"/><counter type="METHOD" missed="1" covered="0"/></method><method name="&lt;init&gt;" desc="(Ljava/lang/String;Lse/sics/ace/coap/as/CoapDBConnector;Lse/sics/ace/as/PDP;Lse/sics/ace/TimeProvider;Lorg/eclipse/californium/cose/OneKey;Ljava/lang/String;Ljava/lang/String;ILjava/util/Set;ZSZLjava/util/Map;Ljava/util/Map;Ljava/util/Map;)V" line="84"><counter type="INSTRUCTION" missed="11" covered="93"/><counter type="BRANCH" missed="2" covered="2"/><counter type="LINE" missed="1" covered="18"/><counter type="COMPLEXITY" missed="2" covered="1"/><counter type="METHOD" missed="0" covered="1"/></method><method name="loadOscoreCtx" desc="(Lse/sics/ace/coap/as/CoapDBConnector;Ljava/util/Map;Ljava/util/Map;)V" line="219"><counter type="INSTRUCTION" missed="1" covered="90"/><counter type="BRANCH" missed="3" covered="5"/><counter type="LINE" missed="1" covered="20"/><counter type="COMPLEXITY" missed="3" covered="2"/><counter type="METHOD" missed="0" covered="1"/></method><method name="close" desc="()V" line="258"><counter type="INSTRUCTION" missed="10" covered="0"/><counter type="LINE" missed="4" covered="0"/><counter type="COMPLEXITY" missed="1" covered="0"/><counter type="METHOD" missed="1" covered="0"/></method><method name="&lt;clinit&gt;" desc="()V" line="78"><counter type="INSTRUCTION" missed="0" covered="5"/><counter type="LINE" missed="0" covered="2"/><counter type="COMPLEXITY" missed="0" covered="1"/><counter type="METHOD" missed="0" covered="1"/></method><counter type="INSTRUCTION" missed="58" covered="188"/><counter type="BRANCH" missed="5" covered="7"/><counter type="LINE" missed="10" covered="40"/><counter type="COMPLEXITY" missed="8" covered="4"/><counter type="METHOD" missed="3" covered="3"/><counter type="CLASS" missed="0" covered="1"/></class><class name="se/sics/ace/coap/as/CoapDBConnector" sourcefilename="CoapDBConnector.java"><method name="&lt;init&gt;" desc="(Lse/sics/ace/examples/SQLDBAdapter;)V" line="85"><counter type="INSTRUCTION" missed="0" covered="4"/><counter type="LINE" missed="0" covered="2"/><counter type="COMPLEXITY" missed="0" covered="1"/><counter type="METHOD" missed="0" covered="1"/></method><method name="requestPskSecretResult" desc="(Lorg/eclipse/californium/scandium/dtls/ConnectionId;Lorg/eclipse/californium/scandium/util/ServerNames;Lorg/eclipse/californium/scandium/dtls/PskPublicInformation;Ljava/lang/String;Ljavax/crypto/SecretKey;[BZ)Lorg/eclipse/californium/scandium/dtls/PskSecretResult;" line="92"><counter type="INSTRUCTION" missed="0" covered="10"/><counter type="LINE" missed="0" covered="1"/><counter type="COMPLEXITY" missed="0" covered="1"/><counter type="METHOD" missed="0" covered="1"/></method><method name="getKey" desc="(Lorg/eclipse/californium/scandium/dtls/PskPublicInformation;)Ljavax/crypto/SecretKey;" line="96"><counter type="INSTRUCTION" missed="0" covered="5"/><counter type="LINE" missed="0" covered="1"/><counter type="COMPLEXITY" missed="0" covered="1"/><counter type="METHOD" missed="0" covered="1"/></method><method name="getKey" desc="(Ljava/lang/String;)Ljavax/crypto/SecretKey;" line="106"><counter type="INSTRUCTION" missed="20" covered="41"/><counter type="BRANCH" missed="4" covered="6"/><counter type="LINE" missed="9" covered="12"/><counter type="COMPLEXITY" missed="4" covered="2"/><counter type="METHOD" missed="0" covered="1"/></method><method name="getInstance" desc="(Lse/sics/ace/examples/SQLDBAdapter;)Lse/sics/ace/coap/as/CoapDBConnector;" line="147"><counter type="INSTRUCTION" missed="0" covered="9"/><counter type="BRANCH" missed="1" covered="1"/><counter type="LINE" missed="0" covered="3"/><counter type="COMPLEXITY" missed="1" covered="1"/><counter type="METHOD" missed="0" covered="1"/></method><method name="getIdentity" desc="(Ljava/net/InetSocketAddress;Lorg/eclipse/californium/scandium/util/ServerNames;)Lorg/eclipse/californium/scandium/dtls/PskPublicInformation;" line="156"><counter type="INSTRUCTION" missed="2" covered="0"/><counter type="LINE" missed="1" covered="0"/><counter type="COMPLEXITY" missed="1" covered="0"/><counter type="METHOD" missed="1" covered="0"/></method><method name="close" desc="()V" line="167"><counter type="INSTRUCTION" missed="0" covered="5"/><counter type="LINE" missed="0" covered="3"/><counter type="COMPLEXITY" missed="0" covered="1"/><counter type="METHOD" missed="0" covered="1"/></method><method name="hasEcdhePskSupported" desc="()Z" line="174"><counter type="INSTRUCTION" missed="0" covered="2"/><counter type="LINE" missed="0" covered="1"/><counter type="COMPLEXITY" missed="0" covered="1"/><counter type="METHOD" missed="0" covered="1"/></method><method name="setResultHandler" desc="(Lorg/eclipse/californium/scandium/dtls/HandshakeResultHandler;)V" line="181"><counter type="INSTRUCTION" missed="0" covered="1"/><counter type="LINE" missed="0" covered="1"/><counter type="COMPLEXITY" missed="0" covered="1"/><counter type="METHOD" missed="0" covered="1"/></method><method name="&lt;clinit&gt;" desc="()V" line="68"><counter type="INSTRUCTION" missed="0" covered="5"/><counter type="LINE" missed="0" covered="2"/><counter type="COMPLEXITY" missed="0" covered="1"/><counter type="METHOD" missed="0" covered="1"/></method><counter type="INSTRUCTION" missed="22" covered="82"/><counter type="BRANCH" missed="5" covered="7"/><counter type="LINE" missed="10" covered="26"/><counter type="COMPLEXITY" missed="6" covered="10"/><counter type="METHOD" missed="1" covered="9"/><counter type="CLASS" missed="0" covered="1"/></class><sourcefile name="CoapDBConnector.java"><line nr="68" mi="0" ci="2" mb="0" cb="0"/><line nr="69" mi="0" ci="3" mb="0" cb="0"/><line nr="85" mi="0" ci="3" mb="0" cb="0"/><line nr="86" mi="0" ci="1" mb="0" cb="0"/><line nr="92" mi="0" ci="10" mb="0" cb="0"/><line nr="96" mi="0" ci="5" mb="0" cb="0"/><line nr="106" mi="0" ci="2" mb="0" cb="0"/><line nr="108" mi="0" ci="4" mb="0" cb="0"/><line nr="109" mi="1" ci="0" mb="0" cb="0"/><line nr="110" mi="4" ci="0" mb="0" cb="0"/><line nr="111" mi="2" ci="0" mb="0" cb="0"/><line nr="112" mi="0" ci="1" mb="0" cb="0"/><line nr="113" mi="0" ci="2" mb="0" cb="2"/><line nr="115" mi="0" ci="4" mb="0" cb="0"/><line nr="116" mi="1" ci="0" mb="0" cb="0"/><line nr="117" mi="4" ci="0" mb="0" cb="0"/><line nr="118" mi="2" ci="0" mb="0" cb="0"/><line nr="119" mi="0" ci="1" mb="0" cb="0"/><line nr="121" mi="0" ci="2" mb="1" cb="1"/><line nr="122" mi="2" ci="0" mb="0" cb="0"/><line nr="124" mi="0" ci="4" mb="0" cb="0"/><line nr="125" mi="0" ci="4" mb="1" cb="1"/><line nr="126" mi="0" ci="4" mb="0" cb="0"/><line nr="127" mi="0" ci="6" mb="2" cb="2"/><line nr="128" mi="2" ci="0" mb="0" cb="0"/><line nr="130" mi="0" ci="7" mb="0" cb="0"/><line nr="132" mi="2" ci="0" mb="0" cb="0"/><line nr="147" mi="0" ci="2" mb="1" cb="1"/><line nr="148" mi="0" ci="5" mb="0" cb="0"/><line nr="151" mi="0" ci="2" mb="0" cb="0"/><line nr="156" mi="2" ci="0" mb="0" cb="0"/><line nr="167" mi="0" ci="2" mb="0" cb="0"/><line nr="168" mi="0" ci="2" mb="0" cb="0"/><line nr="169" mi="0" ci="1" mb="0" cb="0"/><line nr="174" mi="0" ci="2" mb="0" cb="0"/><line nr="181" mi="0" ci="1" mb="0" cb="0"/><counter type="INSTRUCTION" missed="22" covered="82"/><counter type="BRANCH" missed="5" covered="7"/><counter type="LINE" missed="10" covered="26"/><counter type="COMPLEXITY" missed="6" covered="10"/><counter type="METHOD" missed="1" covered="9"/><counter type="CLASS" missed="0" covered="1"/></sourcefile><sourcefile name="OscoreAS.java"><line nr="78" mi="0" ci="2" mb="0" cb="0"/><line nr="79" mi="0" ci="3" mb="0" cb="0"/><line nr="84" mi="0" ci="3" mb="0" cb="0"/><line nr="89" mi="0" ci="3" mb="0" cb="0"/><line nr="119" mi="17" ci="0" mb="0" cb="0"/><line nr="122" mi="1" ci="0" mb="0" cb="0"/><line nr="142" mi="17" ci="0" mb="0" cb="0"/><line nr="145" mi="1" ci="0" mb="0" cb="0"/><line nr="181" mi="0" ci="2" mb="0" cb="0"/><line nr="182" mi="0" ci="15" mb="0" cb="0"/><line nr="184" mi="0" ci="8" mb="0" cb="0"/><line nr="185" mi="0" ci="10" mb="0" cb="0"/><line nr="187" mi="0" ci="2" mb="1" cb="1"/><line nr="188" mi="0" ci="2" mb="1" cb="1"/><line nr="189" mi="11" ci="0" mb="0" cb="0"/><line nr="191" mi="0" ci="11" mb="0" cb="0"/><line nr="193" mi="0" ci="8" mb="0" cb="0"/><line nr="194" mi="0" ci="10" mb="0" cb="0"/><line nr="196" mi="0" ci="8" mb="0" cb="0"/><line nr="197" mi="0" ci="2" mb="0" cb="0"/><line nr="198" mi="0" ci="1" mb="0" cb="0"/><line nr="199" mi="0" ci="2" mb="0" cb="0"/><line nr="200" mi="0" ci="1" mb="0" cb="0"/><line nr="201" mi="0" ci="4" mb="0" cb="0"/><line nr="203" mi="0" ci="1" mb="0" cb="0"/><line nr="219" mi="0" ci="3" mb="0" cb="0"/><line nr="220" mi="0" ci="5" mb="0" cb="0"/><line nr="222" mi="0" ci="10" mb="0" cb="2"/><line nr="223" mi="0" ci="8" mb="0" cb="0"/><line nr="226" mi="0" ci="5" mb="0" cb="0"/><line nr="227" mi="0" ci="5" mb="0" cb="0"/><line nr="228" mi="0" ci="3" mb="1" cb="1"/><line nr="231" mi="0" ci="3" mb="0" cb="0"/><line nr="232" mi="0" ci="3" mb="0" cb="0"/><line nr="235" mi="0" ci="5" mb="0" cb="0"/><line nr="236" mi="0" ci="5" mb="0" cb="0"/><line nr="237" mi="0" ci="3" mb="1" cb="1"/><line nr="240" mi="0" ci="3" mb="0" cb="0"/><line nr="241" mi="0" ci="3" mb="0" cb="0"/><line nr="244" mi="0" ci="4" mb="1" cb="1"/><line nr="245" mi="1" ci="0" mb="0" cb="0"/><line nr="248" mi="0" ci="14" mb="0" cb="0"/><line nr="250" mi="0" ci="3" mb="0" cb="0"/><line nr="252" mi="0" ci="1" mb="0" cb="0"/><line nr="253" mi="0" ci="3" mb="0" cb="0"/><line nr="254" mi="0" ci="1" mb="0" cb="0"/><line nr="258" mi="3" ci="0" mb="0" cb="0"/><line nr="259" mi="3" ci="0" mb="0" cb="0"/><line nr="260" mi="3" ci="0" mb="0" cb="0"/><line nr="261" mi="1" ci="0" mb="0" cb="0"/><line nr="268" mi="0" ci="2" mb="0" cb="0"/><line nr="270" mi="0" ci="3" mb="0" cb="0"/><line nr="271" mi="0" ci="3" mb="0" cb="0"/><line nr="273" mi="0" ci="4" mb="0" cb="0"/><line nr="275" mi="0" ci="3" mb="1" cb="1"/><line nr="277" mi="8" ci="0" mb="0" cb="0"/><line nr="279" mi="0" ci="1" mb="0" cb="0"/><line nr="280" mi="0" ci="9" mb="0" cb="0"/><line nr="282" mi="0" ci="1" mb="0" cb="0"/><line nr="285" mi="0" ci="3" mb="0" cb="0"/><line nr="289" mi="0" ci="3" mb="0" cb="0"/><counter type="INSTRUCTION" missed="66" covered="220"/><counter type="BRANCH" missed="6" covered="8"/><counter type="LINE" missed="11" covered="50"/><counter type="COMPLEXITY" missed="9" covered="7"/><counter type="METHOD" missed="3" covered="6"/><counter type="CLASS" missed="0" covered="2"/></sourcefile><sourcefile name="DtlsAS.java"><line nr="81" mi="0" ci="2" mb="0" cb="0"/><line nr="82" mi="0" ci="3" mb="0" cb="0"/><line nr="87" mi="0" ci="3" mb="0" cb="0"/><line nr="92" mi="0" ci="3" mb="0" cb="0"/><line nr="116" mi="12" ci="0" mb="0" cb="0"/><line nr="118" mi="1" ci="0" mb="0" cb="0"/><line nr="136" mi="0" ci="12" mb="0" cb="0"/><line nr="138" mi="0" ci="1" mb="0" cb="0"/><line nr="167" mi="0" ci="2" mb="0" cb="0"/><line nr="168" mi="0" ci="13" mb="0" cb="0"/><line nr="169" mi="0" ci="8" mb="0" cb="0"/><line nr="170" mi="0" ci="10" mb="0" cb="0"/><line nr="172" mi="0" ci="2" mb="1" cb="1"/><line nr="173" mi="0" ci="2" mb="1" cb="1"/><line nr="174" mi="11" ci="0" mb="0" cb="0"/><line nr="176" mi="0" ci="11" mb="0" cb="0"/><line nr="178" mi="0" ci="8" mb="0" cb="0"/><line nr="179" mi="0" ci="10" mb="0" cb="0"/><line nr="182" mi="0" ci="2" mb="0" cb="0"/><line nr="183" mi="0" ci="6" mb="0" cb="0"/><line nr="184" mi="0" ci="5" mb="0" cb="0"/><line nr="186" mi="0" ci="4" mb="1" cb="1"/><line nr="187" mi="0" ci="3" mb="1" cb="1"/><line nr="188" mi="0" ci="3" mb="0" cb="0"/><line nr="189" mi="0" ci="16" mb="0" cb="0"/><line nr="191" mi="3" ci="0" mb="0" cb="0"/><line nr="192" mi="6" ci="0" mb="0" cb="0"/><line nr="195" mi="0" ci="8" mb="0" cb="0"/><line nr="196" mi="0" ci="2" mb="0" cb="0"/><line nr="198" mi="0" ci="4" mb="0" cb="0"/><line nr="199" mi="0" ci="4" mb="0" cb="0"/><line nr="200" mi="0" ci="4" mb="0" cb="0"/><line nr="201" mi="0" ci="9" mb="0" cb="0"/><line nr="203" mi="0" ci="4" mb="0" cb="0"/><line nr="205" mi="0" ci="4" mb="0" cb="0"/><line nr="206" mi="0" ci="2" mb="1" cb="1"/><line nr="207" mi="0" ci="6" mb="0" cb="0"/><line nr="208" mi="0" ci="4" mb="0" cb="0"/><line nr="210" mi="0" ci="6" mb="0" cb="0"/><line nr="212" mi="0" ci="6" mb="0" cb="0"/><line nr="213" mi="0" ci="2" mb="0" cb="0"/><line nr="214" mi="0" ci="2" mb="0" cb="0"/><line nr="219" mi="0" ci="1" mb="0" cb="0"/><line nr="223" mi="3" ci="0" mb="0" cb="0"/><line nr="224" mi="3" ci="0" mb="0" cb="0"/><line nr="225" mi="3" ci="0" mb="0" cb="0"/><line nr="226" mi="1" ci="0" mb="0" cb="0"/><counter type="INSTRUCTION" missed="43" covered="197"/><counter type="BRANCH" missed="5" covered="5"/><counter type="LINE" missed="9" covered="38"/><counter type="COMPLEXITY" missed="7" covered="3"/><counter type="METHOD" missed="2" covered="3"/><counter type="CLASS" missed="0" covered="1"/></sourcefile><sourcefile name="OscoreAceEndpoint.java"><line nr="62" mi="0" ci="5" mb="0" cb="0"/><line nr="76" mi="0" ci="4" mb="0" cb="0"/><line nr="77" mi="0" ci="3" mb="0" cb="0"/><line nr="78" mi="0" ci="1" mb="0" cb="0"/><line nr="86" mi="4" ci="0" mb="0" cb="0"/><line nr="87" mi="3" ci="0" mb="0" cb="0"/><line nr="88" mi="1" ci="0" mb="0" cb="0"/><line nr="96" mi="4" ci="0" mb="0" cb="0"/><line nr="97" mi="3" ci="0" mb="0" cb="0"/><line nr="98" mi="1" ci="0" mb="0" cb="0"/><line nr="107" mi="0" ci="2" mb="0" cb="0"/><line nr="109" mi="0" ci="5" mb="0" cb="0"/><line nr="110" mi="1" ci="0" mb="0" cb="0"/><line nr="111" mi="4" ci="0" mb="0" cb="0"/><line nr="112" mi="3" ci="0" mb="0" cb="0"/><line nr="113" mi="0" ci="1" mb="0" cb="0"/><line nr="114" mi="0" ci="8" mb="0" cb="0"/><line nr="115" mi="2" ci="6" mb="1" cb="1"/><line nr="117" mi="0" ci="5" mb="0" cb="0"/><line nr="118" mi="0" ci="3" mb="1" cb="1"/><line nr="119" mi="0" ci="3" mb="0" cb="0"/><line nr="120" mi="0" ci="12" mb="0" cb="0"/><line nr="122" mi="0" ci="7" mb="0" cb="0"/><line nr="124" mi="0" ci="1" mb="0" cb="0"/><line nr="126" mi="2" ci="0" mb="2" cb="0"/><line nr="127" mi="1" ci="0" mb="0" cb="0"/><line nr="129" mi="13" ci="0" mb="0" cb="0"/><line nr="131" mi="3" ci="0" mb="0" cb="0"/><line nr="132" mi="1" ci="0" mb="0" cb="0"/><line nr="136" mi="3" ci="0" mb="0" cb="0"/><line nr="137" mi="1" ci="0" mb="0" cb="0"/><counter type="INSTRUCTION" missed="50" covered="66"/><counter type="BRANCH" missed="4" covered="2"/><counter type="LINE" missed="16" covered="15"/><counter type="COMPLEXITY" missed="6" covered="3"/><counter type="METHOD" missed="3" covered="3"/><counter type="CLASS" missed="0" covered="1"/></sourcefile><sourcefile name="CoapDtlsEndpoint.java"><line nr="62" mi="0" ci="5" mb="0" cb="0"/><line nr="76" mi="0" ci="3" mb="0" cb="0"/><line nr="77" mi="0" ci="3" mb="0" cb="0"/><line nr="78" mi="0" ci="1" mb="0" cb="0"/><line nr="86" mi="3" ci="0" mb="0" cb="0"/><line nr="87" mi="3" ci="0" mb="0" cb="0"/><line nr="88" mi="1" ci="0" mb="0" cb="0"/><line nr="96" mi="3" ci="0" mb="0" cb="0"/><line nr="97" mi="3" ci="0" mb="0" cb="0"/><line nr="98" mi="1" ci="0" mb="0" cb="0"/><line nr="107" mi="0" ci="2" mb="0" cb="0"/><line nr="109" mi="0" ci="5" mb="0" cb="0"/><line nr="110" mi="1" ci="0" mb="0" cb="0"/><line nr="111" mi="4" ci="0" mb="0" cb="0"/><line nr="112" mi="3" ci="0" mb="0" cb="0"/><line nr="113" mi="0" ci="1" mb="0" cb="0"/><line nr="114" mi="0" ci="8" mb="0" cb="0"/><line nr="115" mi="2" ci="6" mb="1" cb="1"/><line nr="116" mi="0" ci="5" mb="0" cb="0"/><line nr="118" mi="0" ci="3" mb="1" cb="1"/><line nr="119" mi="0" ci="3" mb="0" cb="0"/><line nr="120" mi="0" ci="12" mb="0" cb="0"/><line nr="122" mi="0" ci="7" mb="0" cb="0"/><line nr="124" mi="0" ci="1" mb="0" cb="0"/><line nr="126" mi="2" ci="0" mb="2" cb="0"/><line nr="127" mi="1" ci="0" mb="0" cb="0"/><line nr="129" mi="13" ci="0" mb="0" cb="0"/><line nr="131" mi="3" ci="0" mb="0" cb="0"/><line nr="132" mi="1" ci="0" mb="0" cb="0"/><line nr="136" mi="3" ci="0" mb="0" cb="0"/><line nr="137" mi="1" ci="0" mb="0" cb="0"/><counter type="INSTRUCTION" missed="48" covered="65"/><counter type="BRANCH" missed="4" covered="2"/><counter type="LINE" missed="16" covered="15"/><counter type="COMPLEXITY" missed="6" covered="3"/><counter type="METHOD" missed="3" covered="3"/><counter type="CLASS" missed="0" covered="1"/></sourcefile><counter type="INSTRUCTION" missed="229" covered="630"/><counter type="BRANCH" missed="24" covered="24"/><counter type="LINE" missed="62" covered="144"/><counter type="COMPLEXITY" missed="34" covered="26"/><counter type="METHOD" missed="12" covered="24"/><counter type="CLASS" missed="0" covered="6"/></package><package name="se/sics/ace/cwt"><class name="se/sics/ace/cwt/CWT" sourcefilename="CWT.java"><method name="&lt;init&gt;" desc="(Ljava/util/Map;)V" line="83"><counter type="INSTRUCTION" missed="0" covered="9"/><counter type="LINE" missed="0" covered="3"/><counter type="COMPLEXITY" missed="0" covered="1"/><counter type="METHOD" missed="0" covered="1"/></method><method name="processCOSE" desc="([BLse/sics/ace/cwt/CwtCryptoCtx;)Lse/sics/ace/cwt/CWT;" line="100"><counter type="INSTRUCTION" missed="46" covered="275"/><counter type="BRANCH" missed="23" covered="27"/><counter type="LINE" missed="12" covered="66"/><counter type="COMPLEXITY" missed="20" covered="6"/><counter type="METHOD" missed="0" covered="1"/></method><method name="processDecrypt" desc="(Lorg/eclipse/californium/cose/EncryptMessage;Lorg/eclipse/californium/cose/Recipient;)[B" line="202"><counter type="INSTRUCTION" missed="5" covered="4"/><counter type="LINE" missed="3" covered="1"/><counter type="COMPLEXITY" missed="0" covered="1"/><counter type="METHOD" missed="0" covered="1"/></method><method name="encode" desc="()Lcom/upokecenter/cbor/CBORObject;" line="216"><counter type="INSTRUCTION" missed="0" covered="4"/><counter type="LINE" missed="0" covered="1"/><counter type="COMPLEXITY" missed="0" covered="1"/><counter type="METHOD" missed="0" covered="1"/></method><method name="encode" desc="(Lse/sics/ace/cwt/CwtCryptoCtx;Ljava/util/Map;Ljava/util/Map;)Lcom/upokecenter/cbor/CBORObject;" line="236"><counter type="INSTRUCTION" missed="19" covered="224"/><counter type="BRANCH" missed="1" covered="12"/><counter type="LINE" missed="5" covered="55"/><counter type="COMPLEXITY" missed="1" covered="9"/><counter type="METHOD" missed="0" covered="1"/></method><method name="addHeaders" desc="(Lorg/eclipse/californium/cose/Message;Ljava/util/Map;Z)V" line="338"><counter type="INSTRUCTION" missed="2" covered="28"/><counter type="BRANCH" missed="1" covered="5"/><counter type="LINE" missed="0" covered="7"/><counter type="COMPLEXITY" missed="1" covered="3"/><counter type="METHOD" missed="0" covered="1"/></method><method name="encode" desc="(Lse/sics/ace/cwt/CwtCryptoCtx;)Lcom/upokecenter/cbor/CBORObject;" line="360"><counter type="INSTRUCTION" missed="0" covered="6"/><counter type="LINE" missed="0" covered="1"/><counter type="COMPLEXITY" missed="0" covered="1"/><counter type="METHOD" missed="0" covered="1"/></method><method name="getClaim" desc="(Ljava/lang/Short;)Lcom/upokecenter/cbor/CBORObject;" line="372"><counter type="INSTRUCTION" missed="0" covered="6"/><counter type="LINE" missed="0" covered="1"/><counter type="COMPLEXITY" missed="0" covered="1"/><counter type="METHOD" missed="0" covered="1"/></method><method name="getClaimKeys" desc="()Ljava/util/Set;" line="379"><counter type="INSTRUCTION" missed="0" covered="4"/><counter type="LINE" missed="0" covered="1"/><counter type="COMPLEXITY" missed="0" covered="1"/><counter type="METHOD" missed="0" covered="1"/></method><method name="getClaims" desc="()Ljava/util/Map;" line="386"><counter type="INSTRUCTION" missed="0" covered="6"/><counter type="LINE" missed="0" covered="1"/><counter type="COMPLEXITY" missed="0" covered="1"/><counter type="METHOD" missed="0" covered="1"/></method><method name="isValid" desc="(J)Z" line="399"><counter type="INSTRUCTION" missed="0" covered="34"/><counter type="BRANCH" missed="2" covered="6"/><counter type="LINE" missed="0" covered="7"/><counter type="COMPLEXITY" missed="2" covered="3"/><counter type="METHOD" missed="0" covered="1"/></method><method name="expired" desc="(J)Z" line="420"><counter type="INSTRUCTION" missed="0" covered="18"/><counter type="BRANCH" missed="1" covered="3"/><counter type="LINE" missed="0" covered="4"/><counter type="COMPLEXITY" missed="1" covered="2"/><counter type="METHOD" missed="0" covered="1"/></method><method name="toString" desc="()Ljava/lang/String;" line="430"><counter type="INSTRUCTION" missed="4" covered="0"/><counter type="LINE" missed="1" covered="0"/><counter type="COMPLEXITY" missed="1" covered="0"/><counter type="METHOD" missed="1" covered="0"/></method><method name="getCti" desc="()Ljava/lang/String;" line="435"><counter type="INSTRUCTION" missed="5" covered="14"/><counter type="BRANCH" missed="1" covered="1"/><counter type="LINE" missed="1" covered="3"/><counter type="COMPLEXITY" missed="1" covered="1"/><counter type="METHOD" missed="0" covered="1"/></method><method name="&lt;clinit&gt;" desc="()V" line="72"><counter type="INSTRUCTION" missed="0" covered="6"/><counter type="LINE" missed="0" covered="2"/><counter type="COMPLEXITY" missed="0" covered="1"/><counter type="METHOD" missed="0" covered="1"/></method><counter type="INSTRUCTION" missed="81" covered="638"/><counter type="BRANCH" missed="29" covered="54"/><counter type="LINE" missed="22" covered="153"/><counter type="COMPLEXITY" missed="27" covered="32"/><counter type="METHOD" missed="1" covered="14"/><counter type="CLASS" missed="0" covered="1"/></class><class name="se/sics/ace/cwt/CwtCryptoCtx" sourcefilename="CwtCryptoCtx.java"><method name="&lt;init&gt;" desc="(Lorg/eclipse/californium/cose/MessageTag;[BLcom/upokecenter/cbor/CBORObject;)V" line="67"><counter type="INSTRUCTION" missed="0" covered="30"/><counter type="LINE" missed="0" covered="11"/><counter type="COMPLEXITY" missed="0" covered="1"/><counter type="METHOD" missed="0" covered="1"/></method><method name="&lt;init&gt;" desc="(Lorg/eclipse/californium/cose/MessageTag;Lorg/eclipse/californium/cose/OneKey;Lorg/eclipse/californium/cose/OneKey;Lcom/upokecenter/cbor/CBORObject;)V" line="67"><counter type="INSTRUCTION" missed="0" covered="33"/><counter type="LINE" missed="0" covered="12"/><counter type="COMPLEXITY" missed="0" covered="1"/><counter type="METHOD" missed="0" covered="1"/></method><method name="&lt;init&gt;" desc="(Lorg/eclipse/californium/cose/MessageTag;Ljava/util/List;Lcom/upokecenter/cbor/CBORObject;)V" line="67"><counter type="INSTRUCTION" missed="0" covered="37"/><counter type="LINE" missed="0" covered="12"/><counter type="COMPLEXITY" missed="0" covered="1"/><counter type="METHOD" missed="0" covered="1"/></method><method name="&lt;init&gt;" desc="(Lorg/eclipse/californium/cose/MessageTag;Ljava/util/List;Lcom/upokecenter/cbor/CBORObject;Z)V" line="67"><counter type="INSTRUCTION" missed="0" covered="39"/><counter type="BRANCH" missed="1" covered="1"/><counter type="LINE" missed="0" covered="13"/><counter type="COMPLEXITY" missed="1" covered="1"/><counter type="METHOD" missed="0" covered="1"/></method><method name="encrypt" desc="(Ljava/util/List;Lcom/upokecenter/cbor/CBORObject;)Lse/sics/ace/cwt/CwtCryptoCtx;" line="121"><counter type="INSTRUCTION" missed="0" covered="7"/><counter type="LINE" missed="0" covered="1"/><counter type="COMPLEXITY" missed="0" covered="1"/><counter type="METHOD" missed="0" covered="1"/></method><method name="encrypt0" desc="([BLcom/upokecenter/cbor/CBORObject;)Lse/sics/ace/cwt/CwtCryptoCtx;" line="133"><counter type="INSTRUCTION" missed="0" covered="7"/><counter type="LINE" missed="0" covered="1"/><counter type="COMPLEXITY" missed="0" covered="1"/><counter type="METHOD" missed="0" covered="1"/></method><method name="mac" desc="(Ljava/util/List;Lcom/upokecenter/cbor/CBORObject;)Lse/sics/ace/cwt/CwtCryptoCtx;" line="144"><counter type="INSTRUCTION" missed="0" covered="7"/><counter type="LINE" missed="0" covered="1"/><counter type="COMPLEXITY" missed="0" covered="1"/><counter type="METHOD" missed="0" covered="1"/></method><method name="mac0" desc="([BLcom/upokecenter/cbor/CBORObject;)Lse/sics/ace/cwt/CwtCryptoCtx;" line="156"><counter type="INSTRUCTION" missed="0" covered="7"/><counter type="LINE" missed="0" covered="1"/><counter type="COMPLEXITY" missed="0" covered="1"/><counter type="METHOD" missed="0" covered="1"/></method><method name="signCreate" desc="(Ljava/util/List;Lcom/upokecenter/cbor/CBORObject;)Lse/sics/ace/cwt/CwtCryptoCtx;" line="167"><counter type="INSTRUCTION" missed="0" covered="8"/><counter type="LINE" missed="0" covered="1"/><counter type="COMPLEXITY" missed="0" covered="1"/><counter type="METHOD" missed="0" covered="1"/></method><method name="signVerify" desc="(Lorg/eclipse/californium/cose/OneKey;Lcom/upokecenter/cbor/CBORObject;)Lse/sics/ace/cwt/CwtCryptoCtx;" line="179"><counter type="INSTRUCTION" missed="0" covered="8"/><counter type="LINE" missed="0" covered="1"/><counter type="COMPLEXITY" missed="0" covered="1"/><counter type="METHOD" missed="0" covered="1"/></method><method name="sign1Verify" desc="(Lorg/eclipse/californium/cose/OneKey;Lcom/upokecenter/cbor/CBORObject;)Lse/sics/ace/cwt/CwtCryptoCtx;" line="191"><counter type="INSTRUCTION" missed="0" covered="8"/><counter type="LINE" missed="0" covered="1"/><counter type="COMPLEXITY" missed="0" covered="1"/><counter type="METHOD" missed="0" covered="1"/></method><method name="sign1Create" desc="(Lorg/eclipse/californium/cose/OneKey;Lcom/upokecenter/cbor/CBORObject;)Lse/sics/ace/cwt/CwtCryptoCtx;" line="203"><counter type="INSTRUCTION" missed="0" covered="8"/><counter type="LINE" missed="0" covered="1"/><counter type="COMPLEXITY" missed="0" covered="1"/><counter type="METHOD" missed="0" covered="1"/></method><method name="getSigners" desc="()Ljava/util/List;" line="210"><counter type="INSTRUCTION" missed="0" covered="3"/><counter type="LINE" missed="0" covered="1"/><counter type="COMPLEXITY" missed="0" covered="1"/><counter type="METHOD" missed="0" covered="1"/></method><method name="getPrivateKey" desc="()Lorg/eclipse/californium/cose/OneKey;" line="217"><counter type="INSTRUCTION" missed="0" covered="3"/><counter type="LINE" missed="0" covered="1"/><counter type="COMPLEXITY" missed="0" covered="1"/><counter type="METHOD" missed="0" covered="1"/></method><method name="getAlg" desc="()Lcom/upokecenter/cbor/CBORObject;" line="224"><counter type="INSTRUCTION" missed="0" covered="3"/><counter type="LINE" missed="0" covered="1"/><counter type="COMPLEXITY" missed="0" covered="1"/><counter type="METHOD" missed="0" covered="1"/></method><method name="getKey" desc="()[B" line="231"><counter type="INSTRUCTION" missed="0" covered="3"/><counter type="LINE" missed="0" covered="1"/><counter type="COMPLEXITY" missed="0" covered="1"/><counter type="METHOD" missed="0" covered="1"/></method><method name="getRecipients" desc="()Ljava/util/List;" line="238"><counter type="INSTRUCTION" missed="0" covered="3"/><counter type="LINE" missed="0" covered="1"/><counter type="COMPLEXITY" missed="0" covered="1"/><counter type="METHOD" missed="0" covered="1"/></method><method name="getPublicKey" desc="()Lorg/eclipse/californium/cose/OneKey;" line="245"><counter type="INSTRUCTION" missed="0" covered="3"/><counter type="LINE" missed="0" covered="1"/><counter type="COMPLEXITY" missed="0" covered="1"/><counter type="METHOD" missed="0" covered="1"/></method><method name="getMessageType" desc="()Lorg/eclipse/californium/cose/MessageTag;" line="252"><counter type="INSTRUCTION" missed="0" covered="3"/><counter type="LINE" missed="0" covered="1"/><counter type="COMPLEXITY" missed="0" covered="1"/><counter type="METHOD" missed="0" covered="1"/></method><method name="&lt;clinit&gt;" desc="()V" line="58"><counter type="INSTRUCTION" missed="0" covered="6"/><counter type="LINE" missed="0" covered="2"/><counter type="COMPLEXITY" missed="0" covered="1"/><counter type="METHOD" missed="0" covered="1"/></method><counter type="INSTRUCTION" missed="0" covered="226"/><counter type="BRANCH" missed="1" covered="1"/><counter type="LINE" missed="0" covered="47"/><counter type="COMPLEXITY" missed="1" covered="20"/><counter type="METHOD" missed="0" covered="20"/><counter type="CLASS" missed="0" covered="1"/></class><sourcefile name="CWT.java"><line nr="72" mi="0" ci="5" mb="0" cb="0"/><line nr="74" mi="0" ci="1" mb="0" cb="0"/><line nr="83" mi="0" ci="2" mb="0" cb="0"/><line nr="84" mi="0" ci="6" mb="0" cb="0"/><line nr="85" mi="0" ci="1" mb="0" cb="0"/><line nr="100" mi="0" ci="3" mb="0" cb="0"/><line nr="101" mi="0" ci="4" mb="1" cb="1"/><line nr="102" mi="3" ci="0" mb="0" cb="0"/><line nr="104" mi="0" ci="4" mb="0" cb="0"/><line nr="106" mi="0" ci="3" mb="0" cb="2"/><line nr="107" mi="0" ci="3" mb="0" cb="0"/><line nr="109" mi="0" ci="5" mb="0" cb="0"/><line nr="110" mi="0" ci="1" mb="0" cb="0"/><line nr="111" mi="0" ci="11" mb="1" cb="1"/><line nr="112" mi="0" ci="4" mb="0" cb="0"/><line nr="113" mi="4" ci="2" mb="3" cb="1"/><line nr="114" mi="0" ci="4" mb="0" cb="0"/><line nr="115" mi="0" ci="4" mb="1" cb="1"/><line nr="116" mi="0" ci="6" mb="0" cb="0"/><line nr="117" mi="0" ci="1" mb="0" cb="0"/><line nr="118" mi="0" ci="1" mb="0" cb="0"/><line nr="121" mi="1" ci="0" mb="0" cb="0"/><line nr="122" mi="5" ci="0" mb="0" cb="0"/><line nr="124" mi="0" ci="3" mb="0" cb="2"/><line nr="125" mi="0" ci="3" mb="0" cb="0"/><line nr="126" mi="0" ci="5" mb="1" cb="1"/><line nr="127" mi="0" ci="6" mb="0" cb="0"/><line nr="128" mi="0" ci="2" mb="0" cb="0"/><line nr="131" mi="1" ci="3" mb="0" cb="2"/><line nr="132" mi="0" ci="3" mb="0" cb="0"/><line nr="133" mi="0" ci="11" mb="1" cb="1"/><line nr="134" mi="0" ci="4" mb="0" cb="0"/><line nr="135" mi="0" ci="4" mb="0" cb="0"/><line nr="136" mi="0" ci="2" mb="0" cb="0"/><line nr="137" mi="0" ci="6" mb="0" cb="0"/><line nr="138" mi="0" ci="8" mb="0" cb="0"/><line nr="139" mi="0" ci="2" mb="0" cb="0"/><line nr="140" mi="0" ci="11" mb="1" cb="1"/><line nr="141" mi="5" ci="2" mb="3" cb="1"/><line nr="142" mi="1" ci="0" mb="0" cb="0"/><line nr="143" mi="0" ci="6" mb="1" cb="1"/><line nr="144" mi="0" ci="5" mb="0" cb="0"/><line nr="145" mi="0" ci="3" mb="0" cb="0"/><line nr="146" mi="0" ci="4" mb="1" cb="1"/><line nr="147" mi="0" ci="6" mb="0" cb="0"/><line nr="148" mi="0" ci="1" mb="0" cb="0"/><line nr="149" mi="0" ci="1" mb="0" cb="0"/><line nr="153" mi="1" ci="0" mb="0" cb="0"/><line nr="154" mi="1" ci="0" mb="0" cb="0"/><line nr="155" mi="5" ci="0" mb="0" cb="0"/><line nr="157" mi="0" ci="3" mb="0" cb="2"/><line nr="158" mi="0" ci="3" mb="0" cb="0"/><line nr="159" mi="0" ci="5" mb="1" cb="1"/><line nr="160" mi="0" ci="6" mb="0" cb="0"/><line nr="161" mi="0" ci="2" mb="0" cb="0"/><line nr="164" mi="1" ci="3" mb="0" cb="2"/><line nr="165" mi="0" ci="3" mb="0" cb="0"/><line nr="166" mi="0" ci="11" mb="1" cb="1"/><line nr="167" mi="0" ci="4" mb="0" cb="0"/><line nr="168" mi="0" ci="4" mb="0" cb="0"/><line nr="169" mi="0" ci="2" mb="0" cb="0"/><line nr="170" mi="0" ci="6" mb="0" cb="0"/><line nr="171" mi="0" ci="8" mb="0" cb="0"/><line nr="172" mi="0" ci="2" mb="0" cb="0"/><line nr="173" mi="0" ci="11" mb="1" cb="1"/><line nr="174" mi="5" ci="2" mb="3" cb="1"/><line nr="175" mi="1" ci="0" mb="0" cb="0"/><line nr="176" mi="0" ci="6" mb="1" cb="1"/><line nr="177" mi="0" ci="5" mb="0" cb="0"/><line nr="178" mi="0" ci="3" mb="0" cb="0"/><line nr="179" mi="0" ci="4" mb="0" cb="0"/><line nr="180" mi="0" ci="2" mb="1" cb="1"/><line nr="181" mi="0" ci="6" mb="0" cb="0"/><line nr="182" mi="0" ci="1" mb="0" cb="0"/><line nr="187" mi="1" ci="0" mb="0" cb="0"/><line nr="188" mi="1" ci="0" mb="0" cb="0"/><line nr="189" mi="5" ci="0" mb="0" cb="0"/><line nr="191" mi="0" ci="3" mb="1" cb="1"/><line nr="192" mi="0" ci="3" mb="0" cb="0"/><line nr="193" mi="0" ci="7" mb="0" cb="0"/><line nr="194" mi="0" ci="2" mb="0" cb="0"/><line nr="195" mi="0" ci="1" mb="0" cb="0"/><line nr="197" mi="5" ci="0" mb="0" cb="0"/><line nr="202" mi="0" ci="4" mb="0" cb="0"/><line nr="203" mi="1" ci="0" mb="0" cb="0"/><line nr="204" mi="2" ci="0" mb="0" cb="0"/><line nr="205" mi="2" ci="0" mb="0" cb="0"/><line nr="216" mi="0" ci="4" mb="0" cb="0"/><line nr="236" mi="0" ci="3" mb="0" cb="0"/><line nr="237" mi="0" ci="6" mb="1" cb="6"/><line nr="240" mi="0" ci="4" mb="0" cb="0"/><line nr="241" mi="0" ci="6" mb="0" cb="0"/><line nr="243" mi="0" ci="4" mb="0" cb="0"/><line nr="244" mi="0" ci="4" mb="0" cb="0"/><line nr="245" mi="0" ci="4" mb="0" cb="0"/><line nr="246" mi="0" ci="4" mb="0" cb="0"/><line nr="247" mi="0" ci="3" mb="0" cb="0"/><line nr="250" mi="0" ci="4" mb="0" cb="0"/><line nr="251" mi="0" ci="6" mb="0" cb="0"/><line nr="253" mi="0" ci="4" mb="0" cb="0"/><line nr="254" mi="0" ci="4" mb="0" cb="0"/><line nr="255" mi="0" ci="4" mb="0" cb="0"/><line nr="256" mi="0" ci="11" mb="0" cb="2"/><line nr="257" mi="0" ci="3" mb="0" cb="0"/><line nr="258" mi="0" ci="1" mb="0" cb="0"/><line nr="260" mi="0" ci="2" mb="0" cb="0"/><line nr="261" mi="1" ci="0" mb="0" cb="0"/><line nr="264" mi="6" ci="0" mb="0" cb="0"/><line nr="265" mi="0" ci="1" mb="0" cb="0"/><line nr="266" mi="0" ci="3" mb="0" cb="0"/><line nr="269" mi="0" ci="4" mb="0" cb="0"/><line nr="270" mi="0" ci="6" mb="0" cb="0"/><line nr="272" mi="0" ci="4" mb="0" cb="0"/><line nr="273" mi="0" ci="4" mb="0" cb="0"/><line nr="274" mi="0" ci="4" mb="0" cb="0"/><line nr="275" mi="0" ci="4" mb="0" cb="0"/><line nr="276" mi="0" ci="3" mb="0" cb="0"/><line nr="279" mi="0" ci="4" mb="0" cb="0"/><line nr="280" mi="0" ci="6" mb="0" cb="0"/><line nr="282" mi="0" ci="4" mb="0" cb="0"/><line nr="283" mi="0" ci="4" mb="0" cb="0"/><line nr="284" mi="0" ci="4" mb="0" cb="0"/><line nr="285" mi="0" ci="11" mb="0" cb="2"/><line nr="286" mi="0" ci="3" mb="0" cb="0"/><line nr="287" mi="0" ci="1" mb="0" cb="0"/><line nr="288" mi="0" ci="2" mb="0" cb="0"/><line nr="289" mi="0" ci="3" mb="0" cb="0"/><line nr="292" mi="0" ci="4" mb="0" cb="0"/><line nr="293" mi="0" ci="6" mb="0" cb="0"/><line nr="295" mi="0" ci="4" mb="0" cb="0"/><line nr="296" mi="0" ci="4" mb="0" cb="0"/><line nr="297" mi="0" ci="4" mb="0" cb="0"/><line nr="298" mi="0" ci="11" mb="0" cb="2"/><line nr="299" mi="0" ci="3" mb="0" cb="0"/><line nr="300" mi="0" ci="1" mb="0" cb="0"/><line nr="302" mi="0" ci="2" mb="0" cb="0"/><line nr="303" mi="1" ci="0" mb="0" cb="0"/><line nr="306" mi="6" ci="0" mb="0" cb="0"/><line nr="307" mi="0" ci="1" mb="0" cb="0"/><line nr="308" mi="0" ci="3" mb="0" cb="0"/><line nr="311" mi="0" ci="4" mb="0" cb="0"/><line nr="312" mi="0" ci="6" mb="0" cb="0"/><line nr="314" mi="0" ci="4" mb="0" cb="0"/><line nr="315" mi="0" ci="4" mb="0" cb="0"/><line nr="316" mi="0" ci="4" mb="0" cb="0"/><line nr="317" mi="0" ci="4" mb="0" cb="0"/><line nr="318" mi="0" ci="3" mb="0" cb="0"/><line nr="321" mi="5" ci="0" mb="0" cb="0"/><line nr="338" mi="0" ci="2" mb="0" cb="2"/><line nr="339" mi="0" ci="1" mb="0" cb="0"/><line nr="341" mi="0" ci="11" mb="0" cb="2"/><line nr="342" mi="0" ci="9" mb="0" cb="0"/><line nr="343" mi="2" ci="3" mb="1" cb="1"/><line nr="344" mi="0" ci="1" mb="0" cb="0"/><line nr="345" mi="0" ci="1" mb="0" cb="0"/><line nr="360" mi="0" ci="6" mb="0" cb="0"/><line nr="372" mi="0" ci="6" mb="0" cb="0"/><line nr="379" mi="0" ci="4" mb="0" cb="0"/><line nr="386" mi="0" ci="6" mb="0" cb="0"/><line nr="399" mi="0" ci="7" mb="0" cb="0"/><line nr="400" mi="0" ci="7" mb="1" cb="3"/><line nr="401" mi="0" ci="2" mb="0" cb="0"/><line nr="403" mi="0" ci="7" mb="0" cb="0"/><line nr="404" mi="0" ci="7" mb="1" cb="3"/><line nr="406" mi="0" ci="2" mb="0" cb="0"/><line nr="408" mi="0" ci="2" mb="0" cb="0"/><line nr="420" mi="0" ci="7" mb="0" cb="0"/><line nr="421" mi="0" ci="7" mb="1" cb="3"/><line nr="423" mi="0" ci="2" mb="0" cb="0"/><line nr="425" mi="0" ci="2" mb="0" cb="0"/><line nr="430" mi="4" ci="0" mb="0" cb="0"/><line nr="435" mi="0" ci="7" mb="0" cb="0"/><line nr="436" mi="0" ci="2" mb="1" cb="1"/><line nr="437" mi="5" ci="0" mb="0" cb="0"/><line nr="439" mi="0" ci="5" mb="0" cb="0"/><counter type="INSTRUCTION" missed="81" covered="638"/><counter type="BRANCH" missed="29" covered="54"/><counter type="LINE" missed="22" covered="153"/><counter type="COMPLEXITY" missed="27" covered="32"/><counter type="METHOD" missed="1" covered="14"/><counter type="CLASS" missed="0" covered="1"/></sourcefile><sourcefile name="CwtCryptoCtx.java"><line nr="58" mi="0" ci="5" mb="0" cb="0"/><line nr="60" mi="0" ci="1" mb="0" cb="0"/><line nr="67" mi="0" ci="12" mb="0" cb="0"/><line nr="69" mi="0" ci="12" mb="0" cb="0"/><line nr="71" mi="0" ci="12" mb="0" cb="0"/><line nr="73" mi="0" ci="12" mb="0" cb="0"/><line nr="75" mi="0" ci="12" mb="0" cb="0"/><line nr="77" mi="0" ci="12" mb="0" cb="0"/><line nr="79" mi="0" ci="2" mb="0" cb="0"/><line nr="80" mi="0" ci="3" mb="0" cb="0"/><line nr="81" mi="0" ci="3" mb="0" cb="0"/><line nr="82" mi="0" ci="3" mb="0" cb="0"/><line nr="83" mi="0" ci="1" mb="0" cb="0"/><line nr="86" mi="0" ci="2" mb="0" cb="0"/><line nr="87" mi="0" ci="3" mb="0" cb="0"/><line nr="88" mi="0" ci="3" mb="0" cb="0"/><line nr="89" mi="0" ci="3" mb="0" cb="0"/><line nr="90" mi="0" ci="3" mb="0" cb="0"/><line nr="91" mi="0" ci="1" mb="0" cb="0"/><line nr="94" mi="0" ci="2" mb="0" cb="0"/><line nr="95" mi="0" ci="3" mb="0" cb="0"/><line nr="96" mi="0" ci="5" mb="0" cb="0"/><line nr="97" mi="0" ci="5" mb="0" cb="0"/><line nr="98" mi="0" ci="3" mb="0" cb="0"/><line nr="99" mi="0" ci="1" mb="0" cb="0"/><line nr="103" mi="0" ci="2" mb="0" cb="0"/><line nr="104" mi="0" ci="3" mb="0" cb="0"/><line nr="105" mi="0" ci="5" mb="0" cb="0"/><line nr="106" mi="0" ci="5" mb="0" cb="0"/><line nr="107" mi="0" ci="3" mb="0" cb="0"/><line nr="108" mi="0" ci="2" mb="1" cb="1"/><line nr="111" mi="0" ci="1" mb="0" cb="0"/><line nr="121" mi="0" ci="7" mb="0" cb="0"/><line nr="133" mi="0" ci="7" mb="0" cb="0"/><line nr="144" mi="0" ci="7" mb="0" cb="0"/><line nr="156" mi="0" ci="7" mb="0" cb="0"/><line nr="167" mi="0" ci="8" mb="0" cb="0"/><line nr="179" mi="0" ci="8" mb="0" cb="0"/><line nr="191" mi="0" ci="8" mb="0" cb="0"/><line nr="203" mi="0" ci="8" mb="0" cb="0"/><line nr="210" mi="0" ci="3" mb="0" cb="0"/><line nr="217" mi="0" ci="3" mb="0" cb="0"/><line nr="224" mi="0" ci="3" mb="0" cb="0"/><line nr="231" mi="0" ci="3" mb="0" cb="0"/><line nr="238" mi="0" ci="3" mb="0" cb="0"/><line nr="245" mi="0" ci="3" mb="0" cb="0"/><line nr="252" mi="0" ci="3" mb="0" cb="0"/><counter type="INSTRUCTION" missed="0" covered="226"/><counter type="BRANCH" missed="1" covered="1"/><counter type="LINE" missed="0" covered="47"/><counter type="COMPLEXITY" missed="1" covered="20"/><counter type="METHOD" missed="0" covered="20"/><counter type="CLASS" missed="0" covered="1"/></sourcefile><counter type="INSTRUCTION" missed="81" covered="864"/><counter type="BRANCH" missed="30" covered="55"/><counter type="LINE" missed="22" covered="200"/><counter type="COMPLEXITY" missed="28" covered="52"/><counter type="METHOD" missed="1" covered="34"/><counter type="CLASS" missed="0" covered="2"/></package><package name="se/sics/ace"><class name="se/sics/ace/AceException" sourcefilename="AceException.java"><method name="&lt;init&gt;" desc="(Ljava/lang/String;)V" line="53"><counter type="INSTRUCTION" missed="0" covered="4"/><counter type="LINE" missed="0" covered="2"/><counter type="COMPLEXITY" missed="0" covered="1"/><counter type="METHOD" missed="0" covered="1"/></method><counter type="INSTRUCTION" missed="0" covered="4"/><counter type="LINE" missed="0" covered="2"/><counter type="COMPLEXITY" missed="0" covered="1"/><counter type="METHOD" missed="0" covered="1"/><counter type="CLASS" missed="0" covered="1"/></class><class name="se/sics/ace/Endpoint" sourcefilename="Endpoint.java"/><class name="se/sics/ace/Util" sourcefilename="Util.java"><method name="&lt;init&gt;" desc="()V" line="20"><counter type="INSTRUCTION" missed="3" covered="0"/><counter type="LINE" missed="1" covered="0"/><counter type="COMPLEXITY" missed="1" covered="0"/><counter type="METHOD" missed="1" covered="0"/></method><method name="intToBytes" desc="(I)[B" line="29"><counter type="INSTRUCTION" missed="0" covered="4"/><counter type="LINE" missed="0" covered="1"/><counter type="COMPLEXITY" missed="0" covered="1"/><counter type="METHOD" missed="0" covered="1"/></method><method name="intToBytes" desc="(II)[B" line="42"><counter type="INSTRUCTION" missed="97" covered="45"/><counter type="BRANCH" missed="10" covered="8"/><counter type="LINE" missed="11" covered="8"/><counter type="COMPLEXITY" missed="7" covered="3"/><counter type="METHOD" missed="0" covered="1"/></method><method name="bytesToInt" desc="([B)I" line="108"><counter type="INSTRUCTION" missed="2" covered="35"/><counter type="BRANCH" missed="1" covered="3"/><counter type="LINE" missed="1" covered="5"/><counter type="COMPLEXITY" missed="1" covered="2"/><counter type="METHOD" missed="0" covered="1"/></method><method name="buildDtlsPskIdentity" desc="([B)[B" line="137"><counter type="INSTRUCTION" missed="0" covered="34"/><counter type="LINE" missed="0" covered="8"/><counter type="COMPLEXITY" missed="0" covered="1"/><counter type="METHOD" missed="0" covered="1"/></method><method name="computeSignature" desc="(ILjava/security/PrivateKey;[B)[B" line="162"><counter type="INSTRUCTION" missed="70" covered="36"/><counter type="BRANCH" missed="4" covered="4"/><counter type="LINE" missed="17" covered="14"/><counter type="COMPLEXITY" missed="4" covered="1"/><counter type="METHOD" missed="0" covered="1"/></method><method name="verifySignature" desc="(ILjava/security/PublicKey;[B[B)Z" line="224"><counter type="INSTRUCTION" missed="70" covered="35"/><counter type="BRANCH" missed="3" covered="3"/><counter type="LINE" missed="17" covered="13"/><counter type="COMPLEXITY" missed="3" covered="1"/><counter type="METHOD" missed="0" covered="1"/></method><method name="addGroupOSCORERole" desc="(IS)I" line="283"><counter type="INSTRUCTION" missed="5" covered="13"/><counter type="BRANCH" missed="1" covered="1"/><counter type="LINE" missed="0" covered="4"/><counter type="COMPLEXITY" missed="1" covered="1"/><counter type="METHOD" missed="0" covered="1"/></method><method name="removeGroupOSCORERole" desc="(IS)I" line="303"><counter type="INSTRUCTION" missed="20" covered="0"/><counter type="BRANCH" missed="2" covered="0"/><counter type="LINE" missed="4" covered="0"/><counter type="COMPLEXITY" missed="2" covered="0"/><counter type="METHOD" missed="1" covered="0"/></method><method name="checkGroupOSCORERole" desc="(IS)Z" line="323"><counter type="INSTRUCTION" missed="18" covered="0"/><counter type="BRANCH" missed="4" covered="0"/><counter type="LINE" missed="2" covered="0"/><counter type="COMPLEXITY" missed="3" covered="0"/><counter type="METHOD" missed="1" covered="0"/></method><method name="getGroupOSCORERoles" desc="(I)Ljava/util/Set;" line="341"><counter type="INSTRUCTION" missed="5" covered="30"/><counter type="BRANCH" missed="1" covered="5"/><counter type="LINE" missed="0" covered="9"/><counter type="COMPLEXITY" missed="1" covered="3"/><counter type="METHOD" missed="0" covered="1"/></method><method name="oneKeyToCCS" desc="(Lorg/eclipse/californium/cose/OneKey;Ljava/lang/String;)[B" line="368"><counter type="INSTRUCTION" missed="171" covered="0"/><counter type="BRANCH" missed="22" covered="0"/><counter type="LINE" missed="33" covered="0"/><counter type="COMPLEXITY" missed="12" covered="0"/><counter type="METHOD" missed="1" covered="0"/></method><method name="ccsToOneKey" desc="(Lcom/upokecenter/cbor/CBORObject;)Lorg/eclipse/californium/cose/OneKey;" line="426"><counter type="INSTRUCTION" missed="18" covered="30"/><counter type="BRANCH" missed="3" covered="3"/><counter type="LINE" missed="5" covered="7"/><counter type="COMPLEXITY" missed="3" covered="1"/><counter type="METHOD" missed="0" covered="1"/></method><counter type="INSTRUCTION" missed="479" covered="262"/><counter type="BRANCH" missed="51" covered="27"/><counter type="LINE" missed="91" covered="69"/><counter type="COMPLEXITY" missed="38" covered="14"/><counter type="METHOD" missed="4" covered="9"/><counter type="CLASS" missed="0" covered="1"/></class><class name="se/sics/ace/COSEparams" sourcefilename="COSEparams.java"><method name="&lt;init&gt;" desc="(Lorg/eclipse/californium/cose/MessageTag;Lorg/eclipse/californium/cose/AlgorithmID;Lorg/eclipse/californium/cose/AlgorithmID;)V" line="72"><counter type="INSTRUCTION" missed="0" covered="12"/><counter type="LINE" missed="0" covered="5"/><counter type="COMPLEXITY" missed="0" covered="1"/><counter type="METHOD" missed="0" covered="1"/></method><method name="getTag" desc="()Lorg/eclipse/californium/cose/MessageTag;" line="82"><counter type="INSTRUCTION" missed="0" covered="3"/><counter type="LINE" missed="0" covered="1"/><counter type="COMPLEXITY" missed="0" covered="1"/><counter type="METHOD" missed="0" covered="1"/></method><method name="getAlg" desc="()Lorg/eclipse/californium/cose/AlgorithmID;" line="89"><counter type="INSTRUCTION" missed="0" covered="3"/><counter type="LINE" missed="0" covered="1"/><counter type="COMPLEXITY" missed="0" covered="1"/><counter type="METHOD" missed="0" covered="1"/></method><method name="getKeyWrap" desc="()Lorg/eclipse/californium/cose/AlgorithmID;" line="97"><counter type="INSTRUCTION" missed="3" covered="0"/><counter type="LINE" missed="1" covered="0"/><counter type="COMPLEXITY" missed="1" covered="0"/><counter type="METHOD" missed="1" covered="0"/></method><method name="toString" desc="()Ljava/lang/String;" line="102"><counter type="INSTRUCTION" missed="0" covered="26"/><counter type="LINE" missed="0" covered="2"/><counter type="COMPLEXITY" missed="0" covered="1"/><counter type="METHOD" missed="0" covered="1"/></method><method name="parse" desc="(Ljava/lang/String;)Lse/sics/ace/COSEparams;" line="116"><counter type="INSTRUCTION" missed="5" covered="30"/><counter type="BRANCH" missed="1" covered="1"/><counter type="LINE" missed="1" covered="8"/><counter type="COMPLEXITY" missed="1" covered="1"/><counter type="METHOD" missed="0" covered="1"/></method><method name="equals" desc="(Ljava/lang/Object;)Z" line="132"><counter type="INSTRUCTION" missed="35" covered="0"/><counter type="BRANCH" missed="8" covered="0"/><counter type="LINE" missed="10" covered="0"/><counter type="COMPLEXITY" missed="5" covered="0"/><counter type="METHOD" missed="1" covered="0"/></method><method name="hashCode" desc="()I" line="150"><counter type="INSTRUCTION" missed="0" covered="18"/><counter type="LINE" missed="0" covered="2"/><counter type="COMPLEXITY" missed="0" covered="1"/><counter type="METHOD" missed="0" covered="1"/></method><counter type="INSTRUCTION" missed="43" covered="92"/><counter type="BRANCH" missed="9" covered="1"/><counter type="LINE" missed="12" covered="19"/><counter type="COMPLEXITY" missed="7" covered="6"/><counter type="METHOD" missed="2" covered="6"/><counter type="CLASS" missed="0" covered="1"/></class><class name="se/sics/ace/AccessToken" sourcefilename="AccessToken.java"/><class name="se/sics/ace/ReferenceToken" sourcefilename="ReferenceToken.java"><method name="&lt;init&gt;" desc="(I)V" line="72"><counter type="INSTRUCTION" missed="0" covered="19"/><counter type="LINE" missed="0" covered="5"/><counter type="COMPLEXITY" missed="0" covered="1"/><counter type="METHOD" missed="0" covered="1"/></method><method name="&lt;init&gt;" desc="()V" line="82"><counter type="INSTRUCTION" missed="19" covered="0"/><counter type="LINE" missed="5" covered="0"/><counter type="COMPLEXITY" missed="1" covered="0"/><counter type="METHOD" missed="1" covered="0"/></method><method name="&lt;init&gt;" desc="([B)V" line="93"><counter type="INSTRUCTION" missed="0" covered="12"/><counter type="LINE" missed="0" covered="4"/><counter type="COMPLEXITY" missed="0" covered="1"/><counter type="METHOD" missed="0" covered="1"/></method><method name="addIntrospectionHandler" desc="(Lse/sics/ace/rs/IntrospectionHandler;)V" line="106"><counter type="INSTRUCTION" missed="4" covered="0"/><counter type="LINE" missed="2" covered="0"/><counter type="COMPLEXITY" missed="1" covered="0"/><counter type="METHOD" missed="1" covered="0"/></method><method name="expired" desc="(J)Z" line="111"><counter type="INSTRUCTION" missed="63" covered="0"/><counter type="BRANCH" missed="8" covered="0"/><counter type="LINE" missed="14" covered="0"/><counter type="COMPLEXITY" missed="5" covered="0"/><counter type="METHOD" missed="1" covered="0"/></method><method name="isValid" desc="(J)Z" line="134"><counter type="INSTRUCTION" missed="78" covered="0"/><counter type="BRANCH" missed="12" covered="0"/><counter type="LINE" missed="17" covered="0"/><counter type="COMPLEXITY" missed="7" covered="0"/><counter type="METHOD" missed="1" covered="0"/></method><method name="encode" desc="()Lcom/upokecenter/cbor/CBORObject;" line="162"><counter type="INSTRUCTION" missed="0" covered="4"/><counter type="LINE" missed="0" covered="1"/><counter type="COMPLEXITY" missed="0" covered="1"/><counter type="METHOD" missed="0" covered="1"/></method><method name="parse" desc="(Lcom/upokecenter/cbor/CBORObject;)Lse/sics/ace/ReferenceToken;" line="172"><counter type="INSTRUCTION" missed="2" covered="11"/><counter type="BRANCH" missed="1" covered="1"/><counter type="LINE" missed="1" covered="2"/><counter type="COMPLEXITY" missed="1" covered="1"/><counter type="METHOD" missed="0" covered="1"/></method><method name="getCti" desc="()Ljava/lang/String;" line="180"><counter type="INSTRUCTION" missed="0" covered="3"/><counter type="LINE" missed="0" covered="1"/><counter type="COMPLEXITY" missed="0" covered="1"/><counter type="METHOD" missed="0" covered="1"/></method><counter type="INSTRUCTION" missed="166" covered="49"/><counter type="BRANCH" missed="21" covered="1"/><counter type="LINE" missed="39" covered="13"/><counter type="COMPLEXITY" missed="15" covered="5"/><counter type="METHOD" missed="4" covered="5"/><counter type="CLASS" missed="0" covered="1"/></class><class name="se/sics/ace/TimeProvider" sourcefilename="TimeProvider.java"/><class name="se/sics/ace/Message" sourcefilename="Message.java"><method name="&lt;clinit&gt;" desc="()V" line="55"><counter type="INSTRUCTION" missed="0" covered="31"/><counter type="LINE" missed="0" covered="10"/><counter type="COMPLEXITY" missed="0" covered="1"/><counter type="METHOD" missed="0" covered="1"/></method><counter type="INSTRUCTION" missed="0" covered="31"/><counter type="LINE" missed="0" covered="10"/><counter type="COMPLEXITY" missed="0" covered="1"/><counter type="METHOD" missed="0" covered="1"/><counter type="CLASS" missed="0" covered="1"/></class><class name="se/sics/ace/Constants" sourcefilename="Constants.java"><method name="&lt;init&gt;" desc="()V" line="51"><counter type="INSTRUCTION" missed="3" covered="0"/><counter type="LINE" missed="1" covered="0"/><counter type="COMPLEXITY" missed="1" covered="0"/><counter type="METHOD" missed="1" covered="0"/></method><method name="getIdx" desc="([Ljava/lang/String;Ljava/lang/String;)S" line="561"><counter type="INSTRUCTION" missed="28" covered="0"/><counter type="BRANCH" missed="8" covered="0"/><counter type="LINE" missed="6" covered="0"/><counter type="COMPLEXITY" missed="5" covered="0"/><counter type="METHOD" missed="1" covered="0"/></method><method name="getParams" desc="(Lcom/upokecenter/cbor/CBORObject;)Ljava/util/Map;" line="582"><counter type="INSTRUCTION" missed="18" covered="37"/><counter type="BRANCH" missed="2" covered="4"/><counter type="LINE" missed="3" covered="7"/><counter type="COMPLEXITY" missed="2" covered="2"/><counter type="METHOD" missed="0" covered="1"/></method><method name="getCBOR" desc="(Ljava/util/Map;)Lcom/upokecenter/cbor/CBORObject;" line="603"><counter type="INSTRUCTION" missed="0" covered="23"/><counter type="BRANCH" missed="0" covered="2"/><counter type="LINE" missed="0" covered="5"/><counter type="COMPLEXITY" missed="0" covered="2"/><counter type="METHOD" missed="0" covered="1"/></method><method name="getProfileAbbrev" desc="(Ljava/lang/String;)S" line="654"><counter type="INSTRUCTION" missed="2" covered="12"/><counter type="BRANCH" missed="1" covered="3"/><counter type="LINE" missed="1" covered="4"/><counter type="COMPLEXITY" missed="1" covered="2"/><counter type="METHOD" missed="0" covered="1"/></method><method name="unabbreviate" desc="(Lcom/upokecenter/cbor/CBORObject;S)Ljava/util/Map;" line="787"><counter type="INSTRUCTION" missed="122" covered="0"/><counter type="BRANCH" missed="24" covered="0"/><counter type="LINE" missed="31" covered="0"/><counter type="COMPLEXITY" missed="14" covered="0"/><counter type="METHOD" missed="1" covered="0"/></method><method name="&lt;clinit&gt;" desc="()V" line="56"><counter type="INSTRUCTION" missed="0" covered="415"/><counter type="LINE" missed="0" covered="93"/><counter type="COMPLEXITY" missed="0" covered="1"/><counter type="METHOD" missed="0" covered="1"/></method><counter type="INSTRUCTION" missed="173" covered="487"/><counter type="BRANCH" missed="35" covered="9"/><counter type="LINE" missed="42" covered="109"/><counter type="COMPLEXITY" missed="23" covered="7"/><counter type="METHOD" missed="3" covered="4"/><counter type="CLASS" missed="0" covered="1"/></class><class name="se/sics/ace/Hkdf" sourcefilename="Hkdf.java"><method name="&lt;init&gt;" desc="()V" line="12"><counter type="INSTRUCTION" missed="3" covered="0"/><counter type="LINE" missed="1" covered="0"/><counter type="COMPLEXITY" missed="1" covered="0"/><counter type="METHOD" missed="1" covered="0"/></method><method name="extractExpand" desc="([B[B[BI)[B" line="32"><counter type="INSTRUCTION" missed="1" covered="93"/><counter type="BRANCH" missed="1" covered="3"/><counter type="LINE" missed="0" covered="21"/><counter type="COMPLEXITY" missed="1" covered="2"/><counter type="METHOD" missed="0" covered="1"/></method><method name="getHashLen" desc="()I" line="66"><counter type="INSTRUCTION" missed="0" covered="2"/><counter type="LINE" missed="0" covered="1"/><counter type="COMPLEXITY" missed="0" covered="1"/><counter type="METHOD" missed="0" covered="1"/></method><method name="main" desc="([Ljava/lang/String;)V" line="72"><counter type="INSTRUCTION" missed="385" covered="0"/><counter type="LINE" missed="9" covered="0"/><counter type="COMPLEXITY" missed="1" covered="0"/><counter type="METHOD" missed="1" covered="0"/></method><counter type="INSTRUCTION" missed="389" covered="95"/><counter type="BRANCH" missed="1" covered="3"/><counter type="LINE" missed="10" covered="22"/><counter type="COMPLEXITY" missed="3" covered="3"/><counter type="METHOD" missed="2" covered="2"/><counter type="CLASS" missed="0" covered="1"/></class><sourcefile name="Constants.java"><line nr="51" mi="3" ci="0" mb="0" cb="0"/><line nr="56" mi="0" ci="3" mb="0" cb="0"/><line nr="136" mi="0" ci="39" mb="0" cb="0"/><line nr="447" mi="0" ci="1" mb="0" cb="0"/><line nr="448" mi="0" ci="2" mb="0" cb="0"/><line nr="453" mi="0" ci="3" mb="0" cb="0"/><line nr="458" mi="0" ci="3" mb="0" cb="0"/><line nr="463" mi="0" ci="3" mb="0" cb="0"/><line nr="468" mi="0" ci="3" mb="0" cb="0"/><line nr="473" mi="0" ci="3" mb="0" cb="0"/><line nr="478" mi="0" ci="3" mb="0" cb="0"/><line nr="483" mi="0" ci="3" mb="0" cb="0"/><line nr="488" mi="0" ci="3" mb="0" cb="0"/><line nr="493" mi="0" ci="3" mb="0" cb="0"/><line nr="499" mi="0" ci="1" mb="0" cb="0"/><line nr="500" mi="0" ci="3" mb="0" cb="0"/><line nr="506" mi="0" ci="1" mb="0" cb="0"/><line nr="507" mi="0" ci="3" mb="0" cb="0"/><line nr="512" mi="0" ci="19" mb="0" cb="0"/><line nr="528" mi="0" ci="1" mb="0" cb="0"/><line nr="529" mi="0" ci="2" mb="0" cb="0"/><line nr="539" mi="0" ci="1" mb="0" cb="0"/><line nr="540" mi="0" ci="2" mb="0" cb="0"/><line nr="550" mi="0" ci="1" mb="0" cb="0"/><line nr="551" mi="0" ci="2" mb="0" cb="0"/><line nr="561" mi="4" ci="0" mb="4" cb="0"/><line nr="562" mi="2" ci="0" mb="0" cb="0"/><line nr="564" mi="12" ci="0" mb="2" cb="0"/><line nr="565" mi="6" ci="0" mb="2" cb="0"/><line nr="566" mi="2" ci="0" mb="0" cb="0"/><line nr="569" mi="2" ci="0" mb="0" cb="0"/><line nr="582" mi="0" ci="5" mb="1" cb="1"/><line nr="583" mi="5" ci="0" mb="0" cb="0"/><line nr="585" mi="0" ci="4" mb="0" cb="0"/><line nr="586" mi="0" ci="11" mb="0" cb="2"/><line nr="587" mi="0" ci="5" mb="1" cb="1"/><line nr="588" mi="8" ci="0" mb="0" cb="0"/><line nr="589" mi="5" ci="0" mb="0" cb="0"/><line nr="591" mi="0" ci="9" mb="0" cb="0"/><line nr="592" mi="0" ci="1" mb="0" cb="0"/><line nr="593" mi="0" ci="2" mb="0" cb="0"/><line nr="603" mi="0" ci="2" mb="0" cb="0"/><line nr="604" mi="0" ci="11" mb="0" cb="2"/><line nr="605" mi="0" ci="7" mb="0" cb="0"/><line nr="606" mi="0" ci="1" mb="0" cb="0"/><line nr="607" mi="0" ci="2" mb="0" cb="0"/><line nr="613" mi="0" ci="19" mb="0" cb="0"/><line nr="654" mi="0" ci="4" mb="0" cb="2"/><line nr="655" mi="0" ci="2" mb="0" cb="0"/><line nr="656" mi="0" ci="4" mb="1" cb="1"/><line nr="657" mi="0" ci="2" mb="0" cb="0"/><line nr="659" mi="2" ci="0" mb="0" cb="0"/><line nr="667" mi="0" ci="3" mb="0" cb="0"/><line nr="669" mi="0" ci="4" mb="0" cb="0"/><line nr="670" mi="0" ci="4" mb="0" cb="0"/><line nr="671" mi="0" ci="4" mb="0" cb="0"/><line nr="672" mi="0" ci="4" mb="0" cb="0"/><line nr="673" mi="0" ci="4" mb="0" cb="0"/><line nr="679" mi="0" ci="3" mb="0" cb="0"/><line nr="681" mi="0" ci="4" mb="0" cb="0"/><line nr="682" mi="0" ci="4" mb="0" cb="0"/><line nr="683" mi="0" ci="4" mb="0" cb="0"/><line nr="684" mi="0" ci="4" mb="0" cb="0"/><line nr="685" mi="0" ci="4" mb="0" cb="0"/><line nr="686" mi="0" ci="4" mb="0" cb="0"/><line nr="687" mi="0" ci="4" mb="0" cb="0"/><line nr="688" mi="0" ci="4" mb="0" cb="0"/><line nr="689" mi="0" ci="4" mb="0" cb="0"/><line nr="690" mi="0" ci="4" mb="0" cb="0"/><line nr="691" mi="0" ci="4" mb="0" cb="0"/><line nr="692" mi="0" ci="4" mb="0" cb="0"/><line nr="693" mi="0" ci="4" mb="0" cb="0"/><line nr="694" mi="0" ci="4" mb="0" cb="0"/><line nr="695" mi="0" ci="4" mb="0" cb="0"/><line nr="696" mi="0" ci="4" mb="0" cb="0"/><line nr="697" mi="0" ci="4" mb="0" cb="0"/><line nr="698" mi="0" ci="4" mb="0" cb="0"/><line nr="699" mi="0" ci="4" mb="0" cb="0"/><line nr="700" mi="0" ci="4" mb="0" cb="0"/><line nr="701" mi="0" ci="4" mb="0" cb="0"/><line nr="702" mi="0" ci="4" mb="0" cb="0"/><line nr="703" mi="0" ci="4" mb="0" cb="0"/><line nr="709" mi="0" ci="3" mb="0" cb="0"/><line nr="711" mi="0" ci="4" mb="0" cb="0"/><line nr="712" mi="0" ci="4" mb="0" cb="0"/><line nr="713" mi="0" ci="4" mb="0" cb="0"/><line nr="714" mi="0" ci="4" mb="0" cb="0"/><line nr="715" mi="0" ci="4" mb="0" cb="0"/><line nr="716" mi="0" ci="4" mb="0" cb="0"/><line nr="717" mi="0" ci="4" mb="0" cb="0"/><line nr="718" mi="0" ci="4" mb="0" cb="0"/><line nr="719" mi="0" ci="4" mb="0" cb="0"/><line nr="720" mi="0" ci="4" mb="0" cb="0"/><line nr="721" mi="0" ci="4" mb="0" cb="0"/><line nr="722" mi="0" ci="4" mb="0" cb="0"/><line nr="723" mi="0" ci="4" mb="0" cb="0"/><line nr="724" mi="0" ci="4" mb="0" cb="0"/><line nr="725" mi="0" ci="4" mb="0" cb="0"/><line nr="726" mi="0" ci="4" mb="0" cb="0"/><line nr="727" mi="0" ci="4" mb="0" cb="0"/><line nr="728" mi="0" ci="4" mb="0" cb="0"/><line nr="729" mi="0" ci="4" mb="0" cb="0"/><line nr="730" mi="0" ci="4" mb="0" cb="0"/><line nr="731" mi="0" ci="4" mb="0" cb="0"/><line nr="732" mi="0" ci="4" mb="0" cb="0"/><line nr="738" mi="0" ci="3" mb="0" cb="0"/><line nr="740" mi="0" ci="4" mb="0" cb="0"/><line nr="741" mi="0" ci="4" mb="0" cb="0"/><line nr="742" mi="0" ci="4" mb="0" cb="0"/><line nr="743" mi="0" ci="4" mb="0" cb="0"/><line nr="744" mi="0" ci="4" mb="0" cb="0"/><line nr="745" mi="0" ci="4" mb="0" cb="0"/><line nr="746" mi="0" ci="4" mb="0" cb="0"/><line nr="747" mi="0" ci="4" mb="0" cb="0"/><line nr="748" mi="0" ci="4" mb="0" cb="0"/><line nr="749" mi="0" ci="4" mb="0" cb="0"/><line nr="750" mi="0" ci="4" mb="0" cb="0"/><line nr="751" mi="0" ci="4" mb="0" cb="0"/><line nr="752" mi="0" ci="4" mb="0" cb="0"/><line nr="787" mi="5" ci="0" mb="2" cb="0"/><line nr="788" mi="5" ci="0" mb="0" cb="0"/><line nr="790" mi="4" ci="0" mb="0" cb="0"/><line nr="793" mi="2" ci="0" mb="4" cb="0"/><line nr="795" mi="2" ci="0" mb="0" cb="0"/><line nr="796" mi="1" ci="0" mb="0" cb="0"/><line nr="798" mi="2" ci="0" mb="0" cb="0"/><line nr="799" mi="1" ci="0" mb="0" cb="0"/><line nr="801" mi="2" ci="0" mb="0" cb="0"/><line nr="802" mi="1" ci="0" mb="0" cb="0"/><line nr="805" mi="2" ci="0" mb="0" cb="0"/><line nr="808" mi="11" ci="0" mb="2" cb="0"/><line nr="809" mi="2" ci="0" mb="0" cb="0"/><line nr="810" mi="4" ci="0" mb="0" cb="0"/><line nr="811" mi="3" ci="0" mb="2" cb="0"/><line nr="812" mi="3" ci="0" mb="0" cb="0"/><line nr="813" mi="6" ci="0" mb="4" cb="0"/><line nr="814" mi="4" ci="0" mb="0" cb="0"/><line nr="815" mi="5" ci="0" mb="2" cb="0"/><line nr="816" mi="5" ci="0" mb="2" cb="0"/><line nr="817" mi="7" ci="0" mb="0" cb="0"/><line nr="818" mi="5" ci="0" mb="2" cb="0"/><line nr="819" mi="5" ci="0" mb="2" cb="0"/><line nr="820" mi="7" ci="0" mb="0" cb="0"/><line nr="823" mi="5" ci="0" mb="0" cb="0"/><line nr="825" mi="6" ci="0" mb="2" cb="0"/><line nr="826" mi="4" ci="0" mb="0" cb="0"/><line nr="828" mi="5" ci="0" mb="0" cb="0"/><line nr="830" mi="5" ci="0" mb="0" cb="0"/><line nr="831" mi="1" ci="0" mb="0" cb="0"/><line nr="832" mi="2" ci="0" mb="0" cb="0"/><line nr="926" mi="0" ci="24" mb="0" cb="0"/><counter type="INSTRUCTION" missed="173" covered="487"/><counter type="BRANCH" missed="35" covered="9"/><counter type="LINE" missed="42" covered="109"/><counter type="COMPLEXITY" missed="23" covered="7"/><counter type="METHOD" missed="3" covered="4"/><counter type="CLASS" missed="0" covered="1"/></sourcefile><sourcefile name="TimeProvider.java"/><sourcefile name="Message.java"><line nr="55" mi="0" ci="3" mb="0" cb="0"/><line nr="60" mi="0" ci="3" mb="0" cb="0"/><line nr="65" mi="0" ci="3" mb="0" cb="0"/><line nr="70" mi="0" ci="3" mb="0" cb="0"/><line nr="75" mi="0" ci="3" mb="0" cb="0"/><line nr="81" mi="0" ci="3" mb="0" cb="0"/><line nr="87" mi="0" ci="3" mb="0" cb="0"/><line nr="93" mi="0" ci="3" mb="0" cb="0"/><line nr="99" mi="0" ci="3" mb="0" cb="0"/><line nr="105" mi="0" ci="4" mb="0" cb="0"/><counter type="INSTRUCTION" missed="0" covered="31"/><counter type="LINE" missed="0" covered="10"/><counter type="COMPLEXITY" missed="0" covered="1"/><counter type="METHOD" missed="0" covered="1"/><counter type="CLASS" missed="0" covered="1"/></sourcefile><sourcefile name="AccessToken.java"/><sourcefile name="Hkdf.java"><line nr="12" mi="3" ci="0" mb="0" cb="0"/><line nr="32" mi="0" ci="2" mb="0" cb="0"/><line nr="34" mi="0" ci="2" mb="0" cb="0"/><line nr="35" mi="0" ci="3" mb="0" cb="0"/><line nr="36" mi="0" ci="3" mb="0" cb="0"/><line nr="39" mi="0" ci="7" mb="0" cb="0"/><line nr="40" mi="0" ci="4" mb="0" cb="0"/><line nr="43" mi="0" ci="7" mb="0" cb="0"/><line nr="44" mi="0" ci="6" mb="0" cb="0"/><line nr="45" mi="0" ci="3" mb="0" cb="0"/><line nr="46" mi="1" ci="10" mb="1" cb="1"/><line nr="47" mi="0" ci="3" mb="0" cb="0"/><line nr="48" mi="0" ci="3" mb="0" cb="0"/><line nr="49" mi="0" ci="7" mb="0" cb="2"/><line nr="50" mi="0" ci="2" mb="0" cb="0"/><line nr="51" mi="0" ci="3" mb="0" cb="0"/><line nr="52" mi="0" ci="3" mb="0" cb="0"/><line nr="53" mi="0" ci="6" mb="0" cb="0"/><line nr="54" mi="0" ci="3" mb="0" cb="0"/><line nr="55" mi="0" ci="8" mb="0" cb="0"/><line nr="57" mi="0" ci="6" mb="0" cb="0"/><line nr="58" mi="0" ci="2" mb="0" cb="0"/><line nr="66" mi="0" ci="2" mb="0" cb="0"/><line nr="72" mi="91" ci="0" mb="0" cb="0"/><line nr="74" mi="55" ci="0" mb="0" cb="0"/><line nr="76" mi="43" ci="0" mb="0" cb="0"/><line nr="78" mi="2" ci="0" mb="0" cb="0"/><line nr="80" mi="171" ci="0" mb="0" cb="0"/><line nr="87" mi="6" ci="0" mb="0" cb="0"/><line nr="89" mi="4" ci="0" mb="0" cb="0"/><line nr="90" mi="12" ci="0" mb="0" cb="0"/><line nr="91" mi="1" ci="0" mb="0" cb="0"/><counter type="INSTRUCTION" missed="389" covered="95"/><counter type="BRANCH" missed="1" covered="3"/><counter type="LINE" missed="10" covered="22"/><counter type="COMPLEXITY" missed="3" covered="3"/><counter type="METHOD" missed="2" covered="2"/><counter type="CLASS" missed="0" covered="1"/></sourcefile><sourcefile name="COSEparams.java"><line nr="72" mi="0" ci="2" mb="0" cb="0"/><line nr="73" mi="0" ci="3" mb="0" cb="0"/><line nr="74" mi="0" ci="3" mb="0" cb="0"/><line nr="75" mi="0" ci="3" mb="0" cb="0"/><line nr="76" mi="0" ci="1" mb="0" cb="0"/><line nr="82" mi="0" ci="3" mb="0" cb="0"/><line nr="89" mi="0" ci="3" mb="0" cb="0"/><line nr="97" mi="3" ci="0" mb="0" cb="0"/><line nr="102" mi="0" ci="21" mb="0" cb="0"/><line nr="103" mi="0" ci="5" mb="0" cb="0"/><line nr="116" mi="0" ci="4" mb="0" cb="0"/><line nr="117" mi="0" ci="4" mb="1" cb="1"/><line nr="118" mi="5" ci="0" mb="0" cb="0"/><line nr="121" mi="0" ci="6" mb="0" cb="0"/><line nr="122" mi="0" ci="6" mb="0" cb="0"/><line nr="123" mi="0" ci="5" mb="0" cb="0"/><line nr="124" mi="0" ci="1" mb="0" cb="0"/><line nr="125" mi="0" ci="3" mb="0" cb="0"/><line nr="126" mi="0" ci="1" mb="0" cb="0"/><line nr="132" mi="3" ci="0" mb="2" cb="0"/><line nr="133" mi="3" ci="0" mb="0" cb="0"/><line nr="134" mi="7" ci="0" mb="2" cb="0"/><line nr="135" mi="2" ci="0" mb="0" cb="0"/><line nr="137" mi="6" ci="0" mb="2" cb="0"/><line nr="138" mi="2" ci="0" mb="0" cb="0"/><line nr="140" mi="6" ci="0" mb="2" cb="0"/><line nr="141" mi="2" ci="0" mb="0" cb="0"/><line nr="143" mi="2" ci="0" mb="0" cb="0"/><line nr="145" mi="2" ci="0" mb="0" cb="0"/><line nr="150" mi="0" ci="15" mb="0" cb="0"/><line nr="151" mi="0" ci="3" mb="0" cb="0"/><counter type="INSTRUCTION" missed="43" covered="92"/><counter type="BRANCH" missed="9" covered="1"/><counter type="LINE" missed="12" covered="19"/><counter type="COMPLEXITY" missed="7" covered="6"/><counter type="METHOD" missed="2" covered="6"/><counter type="CLASS" missed="0" covered="1"/></sourcefile><sourcefile name="Util.java"><line nr="20" mi="3" ci="0" mb="0" cb="0"/><line nr="29" mi="0" ci="4" mb="0" cb="0"/><line nr="42" mi="0" ci="2" mb="0" cb="0"/><line nr="45" mi="0" ci="4" mb="2" cb="2"/><line nr="46" mi="2" ci="0" mb="0" cb="0"/><line nr="47" mi="0" ci="3" mb="0" cb="2"/><line nr="48" mi="0" ci="9" mb="0" cb="0"/><line nr="49" mi="0" ci="3" mb="1" cb="1"/><line nr="50" mi="0" ci="16" mb="0" cb="0"/><line nr="51" mi="3" ci="0" mb="2" cb="0"/><line nr="52" mi="23" ci="0" mb="0" cb="0"/><line nr="54" mi="29" ci="0" mb="0" cb="0"/><line nr="72" mi="0" ci="6" mb="1" cb="3"/><line nr="73" mi="0" ci="2" mb="0" cb="0"/><line nr="75" mi="5" ci="0" mb="0" cb="0"/><line nr="76" mi="6" ci="0" mb="0" cb="0"/><line nr="79" mi="7" ci="0" mb="2" cb="0"/><line nr="80" mi="4" ci="0" mb="0" cb="0"/><line nr="81" mi="8" ci="0" mb="2" cb="0"/><line nr="82" mi="8" ci="0" mb="0" cb="0"/><line nr="92" mi="2" ci="0" mb="0" cb="0"/><line nr="108" mi="0" ci="4" mb="1" cb="1"/><line nr="109" mi="2" ci="0" mb="0" cb="0"/><line nr="111" mi="0" ci="2" mb="0" cb="0"/><line nr="114" mi="0" ci="8" mb="0" cb="2"/><line nr="115" mi="0" ci="19" mb="0" cb="0"/><line nr="123" mi="0" ci="2" mb="0" cb="0"/><line nr="137" mi="0" ci="2" mb="0" cb="0"/><line nr="138" mi="0" ci="2" mb="0" cb="0"/><line nr="139" mi="0" ci="2" mb="0" cb="0"/><line nr="141" mi="0" ci="7" mb="0" cb="0"/><line nr="142" mi="0" ci="7" mb="0" cb="0"/><line nr="143" mi="0" ci="5" mb="0" cb="0"/><line nr="144" mi="0" ci="6" mb="0" cb="0"/><line nr="147" mi="0" ci="3" mb="0" cb="0"/><line nr="162" mi="0" ci="2" mb="0" cb="0"/><line nr="163" mi="0" ci="2" mb="0" cb="0"/><line nr="166" mi="0" ci="4" mb="1" cb="1"/><line nr="167" mi="4" ci="0" mb="0" cb="0"/><line nr="168" mi="0" ci="4" mb="1" cb="1"/><line nr="169" mi="0" ci="5" mb="0" cb="0"/><line nr="172" mi="3" ci="0" mb="0" cb="0"/><line nr="173" mi="2" ci="0" mb="0" cb="0"/><line nr="177" mi="1" ci="0" mb="0" cb="0"/><line nr="178" mi="11" ci="0" mb="0" cb="0"/><line nr="179" mi="2" ci="0" mb="0" cb="0"/><line nr="181" mi="1" ci="0" mb="0" cb="0"/><line nr="182" mi="11" ci="0" mb="0" cb="0"/><line nr="183" mi="2" ci="0" mb="0" cb="0"/><line nr="184" mi="0" ci="1" mb="0" cb="0"/><line nr="187" mi="0" ci="2" mb="1" cb="1"/><line nr="188" mi="0" ci="4" mb="0" cb="0"/><line nr="190" mi="3" ci="0" mb="0" cb="0"/><line nr="191" mi="2" ci="0" mb="0" cb="0"/><line nr="194" mi="1" ci="0" mb="0" cb="0"/><line nr="195" mi="11" ci="0" mb="0" cb="0"/><line nr="196" mi="2" ci="0" mb="0" cb="0"/><line nr="197" mi="0" ci="1" mb="0" cb="0"/><line nr="200" mi="0" ci="2" mb="1" cb="1"/><line nr="201" mi="0" ci="3" mb="0" cb="0"/><line nr="202" mi="0" ci="3" mb="0" cb="0"/><line nr="204" mi="1" ci="0" mb="0" cb="0"/><line nr="205" mi="11" ci="0" mb="0" cb="0"/><line nr="206" mi="2" ci="0" mb="0" cb="0"/><line nr="207" mi="0" ci="1" mb="0" cb="0"/><line nr="209" mi="0" ci="2" mb="0" cb="0"/><line nr="224" mi="0" ci="2" mb="0" cb="0"/><line nr="225" mi="0" ci="2" mb="0" cb="0"/><line nr="228" mi="0" ci="4" mb="1" cb="1"/><line nr="229" mi="4" ci="0" mb="0" cb="0"
[...]
" ci="0" mb="2" cb="0"/><line nr="839" mi="2" ci="0" mb="0" cb="0"/><line nr="841" mi="3" ci="0" mb="0" cb="0"/><line nr="844" mi="6" ci="0" mb="0" cb="0"/><line nr="859" mi="5" ci="0" mb="4" cb="0"/><line nr="860" mi="2" ci="0" mb="0" cb="0"/><line nr="864" mi="3" ci="0" mb="2" cb="0"/><line nr="865" mi="3" ci="0" mb="0" cb="0"/><line nr="867" mi="9" ci="0" mb="0" cb="0"/><line nr="869" mi="5" ci="0" mb="4" cb="0"/><line nr="870" mi="2" ci="0" mb="0" cb="0"/><line nr="872" mi="11" ci="0" mb="2" cb="0"/><line nr="873" mi="11" ci="0" mb="0" cb="0"/><line nr="874" mi="2" ci="0" mb="0" cb="0"/><line nr="877" mi="2" ci="0" mb="0" cb="0"/><line nr="889" mi="0" ci="2" mb="0" cb="0"/><line nr="892" mi="0" ci="2" mb="1" cb="1"/><line nr="893" mi="2" ci="0" mb="0" cb="0"/><line nr="894" mi="7" ci="0" mb="2" cb="0"/><line nr="896" mi="6" ci="0" mb="2" cb="0"/><line nr="897" mi="1" ci="0" mb="0" cb="0"/><line nr="901" mi="6" ci="0" mb="0" cb="0"/><line nr="902" mi="14" ci="0" mb="0" cb="0"/><line nr="903" mi="1" ci="0" mb="0" cb="0"/><line nr="906" mi="1" ci="0" mb="0" cb="0"/><line nr="910" mi="0" ci="13" mb="1" cb="1"/><line nr="911" mi="0" ci="13" mb="0" cb="0"/><line nr="912" mi="0" ci="7" mb="0" cb="0"/><line nr="914" mi="0" ci="5" mb="0" cb="0"/><line nr="917" mi="0" ci="2" mb="0" cb="0"/><line nr="933" mi="4" ci="0" mb="0" cb="0"/><line nr="934" mi="8" ci="0" mb="2" cb="0"/><line nr="935" mi="1" ci="0" mb="0" cb="0"/><line nr="936" mi="8" ci="0" mb="2" cb="0"/><line nr="937" mi="1" ci="0" mb="0" cb="0"/><line nr="938" mi="8" ci="0" mb="2" cb="0"/><line nr="939" mi="5" ci="0" mb="2" cb="0"/><line nr="940" mi="1" ci="0" mb="0" cb="0"/><line nr="943" mi="6" ci="0" mb="0" cb="0"/><line nr="944" mi="3" ci="0" mb="0" cb="0"/><line nr="946" mi="6" ci="0" mb="0" cb="0"/><line nr="948" mi="1" ci="0" mb="0" cb="0"/><line nr="958" mi="0" ci="5" mb="0" cb="0"/><line nr="974" mi="0" ci="2" mb="1" cb="1"/><line nr="975" mi="3" ci="0" mb="2" cb="0"/><line nr="976" mi="2" ci="0" mb="0" cb="0"/><line nr="980" mi="0" ci="3" mb="1" cb="1"/><line nr="981" mi="2" ci="0" mb="0" cb="0"/><line nr="982" mi="0" ci="4" mb="0" cb="0"/><line nr="983" mi="0" ci="4" mb="0" cb="0"/><line nr="987" mi="0" ci="6" mb="0" cb="0"/><line nr="989" mi="0" ci="4" mb="0" cb="0"/><line nr="990" mi="0" ci="6" mb="0" cb="0"/><line nr="992" mi="0" ci="2" mb="0" cb="0"/><line nr="1005" mi="0" ci="5" mb="1" cb="1"/><line nr="1006" mi="2" ci="0" mb="0" cb="0"/><line nr="1008" mi="0" ci="6" mb="0" cb="0"/><line nr="1021" mi="0" ci="5" mb="1" cb="1"/><line nr="1022" mi="2" ci="0" mb="0" cb="0"/><line nr="1024" mi="0" ci="6" mb="0" cb="0"/><line nr="1037" mi="0" ci="7" mb="0" cb="0"/><line nr="1039" mi="0" ci="1" mb="0" cb="0"/><line nr="1050" mi="2" ci="0" mb="0" cb="0"/><line nr="1053" mi="6" ci="0" mb="0" cb="0"/><line nr="1055" mi="2" ci="0" mb="2" cb="0"/><line nr="1056" mi="3" ci="0" mb="0" cb="0"/><line nr="1058" mi="2" ci="0" mb="0" cb="0"/><line nr="1070" mi="5" ci="0" mb="0" cb="0"/><line nr="1072" mi="1" ci="0" mb="0" cb="0"/><line nr="1086" mi="0" ci="4" mb="0" cb="0"/><line nr="1087" mi="0" ci="9" mb="1" cb="1"/><line nr="1088" mi="0" ci="5" mb="1" cb="1"/><line nr="1090" mi="2" ci="0" mb="0" cb="0"/><line nr="1095" mi="0" ci="10" mb="0" cb="0"/><line nr="1097" mi="0" ci="4" mb="0" cb="0"/><line nr="1110" mi="0" ci="15" mb="0" cb="0"/><line nr="1112" mi="0" ci="1" mb="0" cb="0"/><line nr="1123" mi="0" ci="15" mb="0" cb="0"/><line nr="1142" mi="0" ci="5" mb="1" cb="1"/><line nr="1143" mi="2" ci="0" mb="0" cb="0"/><line nr="1145" mi="0" ci="7" mb="1" cb="1"/><line nr="1147" mi="0" ci="5" mb="0" cb="0"/><line nr="1149" mi="0" ci="13" mb="1" cb="1"/><line nr="1150" mi="2" ci="0" mb="0" cb="0"/><line nr="1152" mi="0" ci="13" mb="0" cb="0"/><line nr="1154" mi="0" ci="4" mb="0" cb="0"/><line nr="1158" mi="0" ci="4" mb="0" cb="0"/><line nr="1159" mi="0" ci="5" mb="0" cb="0"/><line nr="1161" mi="0" ci="5" mb="0" cb="0"/><line nr="1162" mi="0" ci="5" mb="0" cb="0"/><line nr="1164" mi="0" ci="2" mb="0" cb="0"/><line nr="1177" mi="0" ci="4" mb="0" cb="0"/><line nr="1180" mi="0" ci="9" mb="0" cb="2"/><line nr="1183" mi="0" ci="15" mb="0" cb="2"/><line nr="1184" mi="0" ci="9" mb="0" cb="0"/><line nr="1185" mi="0" ci="1" mb="0" cb="0"/><line nr="1189" mi="0" ci="2" mb="0" cb="0"/><line nr="1202" mi="0" ci="8" mb="2" cb="2"/><line nr="1203" mi="2" ci="0" mb="0" cb="0"/><line nr="1205" mi="0" ci="13" mb="0" cb="0"/><line nr="1218" mi="0" ci="8" mb="2" cb="2"/><line nr="1219" mi="2" ci="0" mb="0" cb="0"/><line nr="1221" mi="0" ci="4" mb="1" cb="1"/><line nr="1222" mi="2" ci="0" mb="0" cb="0"/><line nr="1224" mi="0" ci="13" mb="0" cb="0"/><line nr="1226" mi="0" ci="2" mb="0" cb="0"/><line nr="1239" mi="0" ci="8" mb="2" cb="2"/><line nr="1240" mi="2" ci="0" mb="0" cb="0"/><line nr="1242" mi="0" ci="12" mb="1" cb="1"/><line nr="1243" mi="2" ci="0" mb="0" cb="0"/><line nr="1245" mi="0" ci="12" mb="0" cb="0"/><line nr="1247" mi="0" ci="2" mb="0" cb="0"/><line nr="1258" mi="0" ci="3" mb="0" cb="0"/><line nr="1268" mi="6" ci="0" mb="0" cb="0"/><line nr="1270" mi="1" ci="0" mb="0" cb="0"/><line nr="1279" mi="0" ci="3" mb="0" cb="0"/><line nr="1290" mi="3" ci="0" mb="0" cb="0"/><line nr="1300" mi="0" ci="2" mb="0" cb="0"/><line nr="1302" mi="0" ci="7" mb="2" cb="2"/><line nr="1304" mi="12" ci="4" mb="7" cb="1"/><line nr="1306" mi="0" ci="2" mb="0" cb="0"/><line nr="1308" mi="0" ci="16" mb="4" cb="4"/><line nr="1310" mi="2" ci="0" mb="0" cb="0"/><line nr="1314" mi="0" ci="2" mb="0" cb="0"/><counter type="INSTRUCTION" missed="437" covered="1053"/><counter type="BRANCH" missed="101" covered="65"/><counter type="LINE" missed="113" covered="220"/><counter type="COMPLEXITY" missed="91" covered="58"/><counter type="METHOD" missed="15" covered="51"/><counter type="CLASS" missed="0" covered="1"/></sourcefile><sourcefile name="GroupOSCOREInputMaterialObject.java"><line nr="54" mi="3" ci="0" mb="0" cb="0"/><line nr="56" mi="1" ci="0" mb="0" cb="0"/><line nr="66" mi="4" ci="0" mb="0" cb="0"/><counter type="INSTRUCTION" missed="8" covered="0"/><counter type="LINE" missed="3" covered="0"/><counter type="COMPLEXITY" missed="2" covered="0"/><counter type="METHOD" missed="2" covered="0"/><counter type="CLASS" missed="1" covered="0"/></sourcefile><sourcefile name="GroupOSCOREInputMaterialObjectParameters.java"><line nr="41" mi="3" ci="0" mb="0" cb="0"/><line nr="93" mi="56" ci="0" mb="0" cb="0"/><counter type="INSTRUCTION" missed="59" covered="0"/><counter type="LINE" missed="2" covered="0"/><counter type="COMPLEXITY" missed="2" covered="0"/><counter type="METHOD" missed="2" covered="0"/><counter type="CLASS" missed="1" covered="0"/></sourcefile><sourcefile name="OSCOREInputMaterialObjectParameters.java"><line nr="49" mi="3" ci="0" mb="0" cb="0"/><line nr="89" mi="32" ci="0" mb="0" cb="0"/><line nr="101" mi="5" ci="0" mb="2" cb="0"/><line nr="102" mi="5" ci="0" mb="0" cb="0"/><line nr="104" mi="4" ci="0" mb="0" cb="0"/><line nr="105" mi="11" ci="0" mb="2" cb="0"/><line nr="106" mi="5" ci="0" mb="2" cb="0"/><line nr="107" mi="8" ci="0" mb="0" cb="0"/><line nr="108" mi="5" ci="0" mb="0" cb="0"/><line nr="110" mi="9" ci="0" mb="0" cb="0"/><line nr="111" mi="1" ci="0" mb="0" cb="0"/><line nr="112" mi="2" ci="0" mb="0" cb="0"/><line nr="122" mi="2" ci="0" mb="0" cb="0"/><line nr="123" mi="11" ci="0" mb="2" cb="0"/><line nr="124" mi="7" ci="0" mb="0" cb="0"/><line nr="125" mi="1" ci="0" mb="0" cb="0"/><line nr="126" mi="2" ci="0" mb="0" cb="0"/><counter type="INSTRUCTION" missed="113" covered="0"/><counter type="BRANCH" missed="8" covered="0"/><counter type="LINE" missed="17" covered="0"/><counter type="COMPLEXITY" missed="8" covered="0"/><counter type="METHOD" missed="4" covered="0"/><counter type="CLASS" missed="1" covered="0"/></sourcefile><counter type="INSTRUCTION" missed="648" covered="1053"/><counter type="BRANCH" missed="109" covered="65"/><counter type="LINE" missed="143" covered="220"/><counter type="COMPLEXITY" missed="108" covered="58"/><counter type="METHOD" missed="28" covered="51"/><counter type="CLASS" missed="4" covered="1"/></package><package name="se/sics/ace/coap/rs/dtlsProfile"><class name="se/sics/ace/coap/rs/dtlsProfile/DtlspIntrospection" sourcefilename="DtlspIntrospection.java"><method name="&lt;init&gt;" desc="(Lorg/eclipse/californium/cose/OneKey;Ljava/lang/String;)V" line="89"><counter type="INSTRUCTION" missed="0" covered="99"/><counter type="LINE" missed="0" covered="23"/><counter type="COMPLEXITY" missed="0" covered="1"/><counter type="METHOD" missed="0" covered="1"/></method><method name="&lt;init&gt;" desc="([BLjava/lang/String;Ljava/lang/String;Ljava/lang/String;Ljava/lang/String;Ljava/lang/String;)V" line="89"><counter type="INSTRUCTION" missed="0" covered="81"/><counter type="LINE" missed="0" covered="19"/><counter type="COMPLEXITY" missed="0" covered="1"/><counter type="METHOD" missed="0" covered="1"/></method><method name="getParams" desc="([B)Ljava/util/Map;" line="183"><counter type="INSTRUCTION" missed="41" covered="55"/><counter type="BRANCH" missed="4" covered="2"/><counter type="LINE" missed="8" covered="12"/><counter type="COMPLEXITY" missed="3" covered="1"/><counter type="METHOD" missed="0" covered="1"/></method><method name="&lt;clinit&gt;" desc="()V" line="83"><counter type="INSTRUCTION" missed="0" covered="5"/><counter type="LINE" missed="0" covered="2"/><counter type="COMPLEXITY" missed="0" covered="1"/><counter type="METHOD" missed="0" covered="1"/></method><counter type="INSTRUCTION" missed="41" covered="240"/><counter type="BRANCH" missed="4" covered="2"/><counter type="LINE" missed="8" covered="55"/><counter type="COMPLEXITY" missed="3" covered="4"/><counter type="METHOD" missed="0" covered="4"/><counter type="CLASS" missed="0" covered="1"/></class><class name="se/sics/ace/coap/rs/dtlsProfile/DtlspPskStore" sourcefilename="DtlspPskStore.java"><method name="&lt;init&gt;" desc="(Lse/sics/ace/rs/AuthzInfo;)V" line="91"><counter type="INSTRUCTION" missed="0" covered="6"/><counter type="LINE" missed="0" covered="3"/><counter type="COMPLEXITY" missed="0" covered="1"/><counter type="METHOD" missed="0" covered="1"/></method><method name="requestPskSecretResult" desc="(Lorg/eclipse/californium/scandium/dtls/ConnectionId;Lorg/eclipse/californium/scandium/util/ServerNames;Lorg/eclipse/californium/scandium/dtls/PskPublicInformation;Ljava/lang/String;Ljavax/crypto/SecretKey;[BZ)Lorg/eclipse/californium/scandium/dtls/PskSecretResult;" line="99"><counter type="INSTRUCTION" missed="0" covered="9"/><counter type="LINE" missed="0" covered="1"/><counter type="COMPLEXITY" missed="0" covered="1"/><counter type="METHOD" missed="0" covered="1"/></method><method name="getKey" desc="(Lorg/eclipse/californium/scandium/dtls/PskPublicInformation;)Ljavax/crypto/SecretKey;" line="109"><counter type="INSTRUCTION" missed="0" covered="6"/><counter type="LINE" missed="0" covered="1"/><counter type="COMPLEXITY" missed="0" covered="1"/><counter type="METHOD" missed="0" covered="1"/></method><method name="getKey" desc="([BLorg/eclipse/californium/scandium/dtls/PskPublicInformation;)Ljavax/crypto/SecretKey;" line="121"><counter type="INSTRUCTION" missed="52" covered="170"/><counter type="BRANCH" missed="12" covered="18"/><counter type="LINE" missed="14" covered="43"/><counter type="COMPLEXITY" missed="12" covered="4"/><counter type="METHOD" missed="0" covered="1"/></method><method name="getIdentity" desc="(Ljava/net/InetSocketAddress;Lorg/eclipse/californium/scandium/util/ServerNames;)Lorg/eclipse/californium/scandium/dtls/PskPublicInformation;" line="231"><counter type="INSTRUCTION" missed="2" covered="0"/><counter type="LINE" missed="1" covered="0"/><counter type="COMPLEXITY" missed="1" covered="0"/><counter type="METHOD" missed="1" covered="0"/></method><method name="hasEcdhePskSupported" desc="()Z" line="237"><counter type="INSTRUCTION" missed="0" covered="2"/><counter type="LINE" missed="0" covered="1"/><counter type="COMPLEXITY" missed="0" covered="1"/><counter type="METHOD" missed="0" covered="1"/></method><method name="setResultHandler" desc="(Lorg/eclipse/californium/scandium/dtls/HandshakeResultHandler;)V" line="244"><counter type="INSTRUCTION" missed="0" covered="1"/><counter type="LINE" missed="0" covered="1"/><counter type="COMPLEXITY" missed="0" covered="1"/><counter type="METHOD" missed="0" covered="1"/></method><method name="&lt;clinit&gt;" desc="()V" line="76"><counter type="INSTRUCTION" missed="0" covered="5"/><counter type="LINE" missed="0" covered="2"/><counter type="COMPLEXITY" missed="0" covered="1"/><counter type="METHOD" missed="0" covered="1"/></method><counter type="INSTRUCTION" missed="54" covered="199"/><counter type="BRANCH" missed="12" covered="18"/><counter type="LINE" missed="15" covered="52"/><counter type="COMPLEXITY" missed="13" covered="10"/><counter type="METHOD" missed="1" covered="7"/><counter type="CLASS" missed="0" covered="1"/></class><sourcefile name="DtlspIntrospection.java"><line nr="83" mi="0" ci="2" mb="0" cb="0"/><line nr="84" mi="0" ci="3" mb="0" cb="0"/><line nr="89" mi="0" ci="6" mb="0" cb="0"/><line nr="103" mi="0" ci="2" mb="0" cb="0"/><line nr="105" mi="0" ci="2" mb="0" cb="0"/><line nr="106" mi="0" ci="6" mb="0" cb="0"/><line nr="108" mi="0" ci="8" mb="0" cb="0"/><line nr="109" mi="0" ci="2" mb="0" cb="0"/><line nr="110" mi="0" ci="6" mb="0" cb="0"/><line nr="111" mi="0" ci="4" mb="0" cb="0"/><line nr="113" mi="0" ci="4" mb="0" cb="0"/><line nr="114" mi="0" ci="4" mb="0" cb="0"/><line nr="115" mi="0" ci="4" mb="0" cb="0"/><line nr="116" mi="0" ci="9" mb="0" cb="0"/><line nr="118" mi="0" ci="4" mb="0" cb="0"/><line nr="120" mi="0" ci="6" mb="0" cb="0"/><line nr="121" mi="0" ci="4" mb="0" cb="0"/><line nr="122" mi="0" ci="1" mb="0" cb="0"/><line nr="123" mi="0" ci="2" mb="0" cb="0"/><line nr="124" mi="0" ci="2" mb="0" cb="0"/><line nr="125" mi="0" ci="12" mb="0" cb="0"/><line nr="127" mi="0" ci="6" mb="0" cb="0"/><line nr="128" mi="0" ci="5" mb="0" cb="0"/><line nr="129" mi="0" ci="2" mb="0" cb="0"/><line nr="130" mi="0" ci="1" mb="0" cb="0"/><line nr="155" mi="0" ci="2" mb="0" cb="0"/><line nr="157" mi="0" ci="2" mb="0" cb="0"/><line nr="158" mi="0" ci="6" mb="0" cb="0"/><line nr="159" mi="0" ci="6" mb="0" cb="0"/><line nr="161" mi="0" ci="8" mb="0" cb="0"/><line nr="162" mi="0" ci="2" mb="0" cb="0"/><line nr="163" mi="0" ci="7" mb="0" cb="0"/><line nr="165" mi="0" ci="4" mb="0" cb="0"/><line nr="167" mi="0" ci="6" mb="0" cb="0"/><line nr="169" mi="0" ci="4" mb="0" cb="0"/><line nr="170" mi="0" ci="1" mb="0" cb="0"/><line nr="171" mi="0" ci="2" mb="0" cb="0"/><line nr="172" mi="0" ci="2" mb="0" cb="0"/><line nr="173" mi="0" ci="12" mb="0" cb="0"/><line nr="175" mi="0" ci="6" mb="0" cb="0"/><line nr="176" mi="0" ci="5" mb="0" cb="0"/><line nr="177" mi="0" ci="2" mb="0" cb="0"/><line nr="178" mi="0" ci="1" mb="0" cb="0"/><line nr="183" mi="0" ci="10" mb="0" cb="0"/><line nr="184" mi="0" ci="4" mb="0" cb="0"/><line nr="185" mi="0" ci="9" mb="0" cb="0"/><line nr="186" mi="0" ci="7" mb="0" cb="0"/><line nr="189" mi="0" ci="5" mb="0" cb="0"/><line nr="190" mi="0" ci="3" mb="0" cb="0"/><line nr="192" mi="1" ci="0" mb="0" cb="0"/><line nr="193" mi="13" ci="0" mb="0" cb="0"/><line nr="194" mi="0" ci="1" mb="0" cb="0"/><line nr="195" mi="0" ci="2" mb="1" cb="1"/><line nr="196" mi="5" ci="0" mb="0" cb="0"/><line nr="198" mi="0" ci="5" mb="1" cb="1"/><line nr="200" mi="3" ci="0" mb="2" cb="0"/><line nr="201" mi="8" ci="0" mb="0" cb="0"/><line nr="204" mi="6" ci="0" mb="0" cb="0"/><line nr="205" mi="1" ci="0" mb="0" cb="0"/><line nr="206" mi="4" ci="0" mb="0" cb="0"/><line nr="208" mi="0" ci="4" mb="0" cb="0"/><line nr="209" mi="0" ci="3" mb="0" cb="0"/><line nr="210" mi="0" ci="2" mb="0" cb="0"/><counter type="INSTRUCTION" missed="41" covered="240"/><counter type="BRANCH" missed="4" covered="2"/><counter type="LINE" missed="8" covered="55"/><counter type="COMPLEXITY" missed="3" covered="4"/><counter type="METHOD" missed="0" covered="4"/><counter type="CLASS" missed="0" covered="1"/></sourcefile><sourcefile name="DtlspPskStore.java"><line nr="76" mi="0" ci="2" mb="0" cb="0"/><line nr="77" mi="0" ci="3" mb="0" cb="0"/><line nr="91" mi="0" ci="2" mb="0" cb="0"/><line nr="92" mi="0" ci="3" mb="0" cb="0"/><line nr="93" mi="0" ci="1" mb="0" cb="0"/><line nr="99" mi="0" ci="9" mb="0" cb="0"/><line nr="109" mi="0" ci="6" mb="0" cb="0"/><line nr="121" mi="0" ci="2" mb="1" cb="1"/><line nr="122" mi="3" ci="0" mb="0" cb="0"/><line nr="123" mi="2" ci="0" mb="0" cb="0"/><line nr="126" mi="0" ci="2" mb="0" cb="0"/><line nr="132" mi="0" ci="3" mb="0" cb="0"/><line nr="133" mi="0" ci="1" mb="0" cb="0"/><line nr="134" mi="0" ci="11" mb="0" cb="0"/><line nr="135" mi="0" ci="2" mb="0" cb="0"/><line nr="136" mi="0" ci="1" mb="0" cb="0"/><line nr="138" mi="0" ci="7" mb="1" cb="3"/><line nr="139" mi="0" ci="3" mb="1" cb="1"/><line nr="141" mi="0" ci="4" mb="0" cb="0"/><line nr="142" mi="0" ci="10" mb="3" cb="3"/><line nr="144" mi="0" ci="4" mb="0" cb="0"/><line nr="145" mi="0" ci="7" mb="2" cb="2"/><line nr="146" mi="0" ci="3" mb="1" cb="1"/><line nr="148" mi="0" ci="2" mb="0" cb="0"/><line nr="149" mi="0" ci="7" mb="1" cb="1"/><line nr="150" mi="0" ci="4" mb="1" cb="1"/><line nr="152" mi="0" ci="6" mb="0" cb="0"/><line nr="154" mi="0" ci="4" mb="0" cb="0"/><line nr="155" mi="0" ci="4" mb="0" cb="0"/><line nr="159" mi="0" ci="3" mb="0" cb="0"/><line nr="169" mi="0" ci="2" mb="0" cb="2"/><line nr="170" mi="0" ci="9" mb="0" cb="0"/><line nr="172" mi="1" ci="0" mb="0" cb="0"/><line nr="173" mi="11" ci="0" mb="0" cb="0"/><line nr="174" mi="2" ci="0" mb="0" cb="0"/><line nr="175" mi="0" ci="1" mb="0" cb="0"/><line nr="178" mi="0" ci="2" mb="0" cb="0"/><line nr="180" mi="0" ci="3" mb="0" cb="0"/><line nr="181" mi="1" ci="0" mb="0" cb="0"/><line nr="182" mi="8" ci="0" mb="0" cb="0"/><line nr="183" mi="3" ci="0" mb="0" cb="0"/><line nr="184" mi="2" ci="0" mb="0" cb="0"/><line nr="185" mi="0" ci="1" mb="0" cb="0"/><line nr="191" mi="0" ci="4" mb="0" cb="0"/><line nr="192" mi="0" ci="8" mb="0" cb="0"/><line nr="195" mi="0" ci="3" mb="0" cb="0"/><line nr="196" mi="0" ci="3" mb="0" cb="0"/><line nr="197" mi="0" ci="4" mb="0" cb="2"/><line nr="198" mi="0" ci="4" mb="0" cb="0"/><line nr="199" mi="0" ci="5" mb="1" cb="1"/><line nr="200" mi="3" ci="0" mb="0" cb="0"/><line nr="201" mi="2" ci="0" mb="0" cb="0"/><line nr="205" mi="0" ci="5" mb="0" cb="0"/><line nr="206" mi="0" ci="4" mb="0" cb="0"/><line nr="207" mi="0" ci="1" mb="0" cb="0"/><line nr="212" mi="0" ci="3" mb="0" cb="0"/><line nr="214" mi="0" ci="4" mb="0" cb="0"/><line nr="215" mi="0" ci="5" mb="0" cb="0"/><line nr="216" mi="0" ci="4" mb="0" cb="0"/><line nr="217" mi="1" ci="0" mb="0" cb="0"/><line nr="218" mi="11" ci="0" mb="0" cb="0"/><line nr="219" mi="2" ci="0" mb="0" cb="0"/><line nr="222" mi="0" ci="3" mb="0" cb="0"/><line nr="223" mi="0" ci="2" mb="0" cb="0"/><line nr="231" mi="2" ci="0" mb="0" cb="0"/><line nr="237" mi="0" ci="2" mb="0" cb="0"/><line nr="244" mi="0" ci="1" mb="0" cb="0"/><counter type="INSTRUCTION" missed="54" covered="199"/><counter type="BRANCH" missed="12" covered="18"/><counter type="LINE" missed="15" covered="52"/><counter type="COMPLEXITY" missed="13" covered="10"/><counter type="METHOD" missed="1" covered="7"/><counter type="CLASS" missed="0" covered="1"/></sourcefile><counter type="INSTRUCTION" missed="95" covered="439"/><counter type="BRANCH" missed="16" covered="20"/><counter type="LINE" missed="23" covered="107"/><counter type="COMPLEXITY" missed="16" covered="14"/><counter type="METHOD" missed="1" covered="11"/><counter type="CLASS" missed="0" covered="2"/></package><counter type="INSTRUCTION" missed="11544" covered="20566"/><counter type="BRANCH" missed="1306" covered="1618"/><counter type="LINE" missed="2512" covered="4834"/><counter type="COMPLEXITY" missed="1162" covered="876"/><counter type="METHOD" missed="133" covered="426"/><counter type="CLASS" missed="10" covered="54"/></report>